# JRE version: Java(TM) SE Runtime Environment (7.0_51-b13) (build 1.7.0_51-b13)
# Java VM: Java HotSpot(TM) Server VM (24.51-b03 mixed mode linux-x86 )
Heap
 PSYoungGen      total 289536K, used 30263K [0x9dfc0000, 0xb3540000, 0xb3540000)
  eden space 234496K, 0% used [0x9dfc0000,0x9dfc0000,0xac4c0000)
  from space 55040K, 54% used [0xaff80000,0xb1d0dee0,0xb3540000)
  to   space 57600K, 0% used [0xac4c0000,0xac4c0000,0xafd00000)
 ParOldGen       total 199936K, used 199782K [0x73540000, 0x7f880000, 0x9dfc0000)
  object space 199936K, 99% used [0x73540000,0x7f859958,0x7f880000)
 PSPermGen       total 16384K, used 3950K [0x6f540000, 0x70540000, 0x73540000)
  object space 16384K, 24% used [0x6f540000,0x6f91ba18,0x70540000)
GC Heap History (10 events):
Event: 14.119 GC heap after
Heap after GC invocations=15 (full 2):
 PSYoungGen      total 215808K, used 26547K [0x9dfc0000, 0xb0e80000, 0xb3540000)
  eden space 183808K, 0% used [0x9dfc0000,0x9dfc0000,0xa9340000)
  from space 32000K, 82% used [0xa9340000,0xaad2cef0,0xab280000)
  to   space 34816K, 0% used [0xaec80000,0xaec80000,0xb0e80000)
 ParOldGen       total 128256K, used 106594K [0x73540000, 0x7b280000, 0x9dfc0000)
  object space 128256K, 83% used [0x73540000,0x79d58a00,0x7b280000)
 PSPermGen       total 16384K, used 3923K [0x6f540000, 0x70540000, 0x73540000)
  object space 16384K, 23% used [0x6f540000,0x6f914e78,0x70540000)
}
Event: 14.119 GC heap before
{Heap before GC invocations=16 (full 3):
 PSYoungGen      total 215808K, used 26547K [0x9dfc0000, 0xb0e80000, 0xb3540000)
  eden space 183808K, 0% used [0x9dfc0000,0x9dfc0000,0xa9340000)
  from space 32000K, 82% used [0xa9340000,0xaad2cef0,0xab280000)
  to   space 34816K, 0% used [0xaec80000,0xaec80000,0xb0e80000)
 ParOldGen       total 128256K, used 106594K [0x73540000, 0x7b280000, 0x9dfc0000)
  object space 128256K, 83% used [0x73540000,0x79d58a00,0x7b280000)
 PSPermGen       total 16384K, used 3923K [0x6f540000, 0x70540000, 0x73540000)
  object space 16384K, 23% used [0x6f540000,0x6f914e78,0x70540000)
Event: 14.788 GC heap after
Heap after GC invocations=16 (full 3):
 PSYoungGen      total 215808K, used 3177K [0x9dfc0000, 0xb0e80000, 0xb3540000)
  eden space 183808K, 0% used [0x9dfc0000,0x9dfc0000,0xa9340000)
  from space 32000K, 9% used [0xa9340000,0xa965a638,0xab280000)
  to   space 34816K, 0% used [0xaec80000,0xaec80000,0xb0e80000)
 ParOldGen       total 199936K, used 128028K [0x73540000, 0x7f880000, 0x9dfc0000)
  object space 199936K, 64% used [0x73540000,0x7b247058,0x7f880000)
 PSPermGen       total 16384K, used 3923K [0x6f540000, 0x70540000, 0x73540000)
  object space 16384K, 23% used [0x6f540000,0x6f914d18,0x70540000)
}
Event: 15.615 GC heap before
{Heap before GC invocations=17 (full 3):
 PSYoungGen      total 215808K, used 186985K [0x9dfc0000, 0xb0e80000, 0xb3540000)
  eden space 183808K, 100% used [0x9dfc0000,0xa9340000,0xa9340000)
  from space 32000K, 9% used [0xa9340000,0xa965a638,0xab280000)
  to   space 34816K, 0% used [0xaec80000,0xaec80000,0xb0e80000)
 ParOldGen       total 199936K, used 128028K [0x73540000, 0x7f880000, 0x9dfc0000)
  object space 199936K, 64% used [0x73540000,0x7b247058,0x7f880000)
 PSPermGen       total 16384K, used 3931K [0x6f540000, 0x70540000, 0x73540000)
  object space 16384K, 23% used [0x6f540000,0x6f916e08,0x70540000)
Event: 15.751 GC heap after
Heap after GC invocations=17 (full 3):
 PSYoungGen      total 270592K, used 31029K [0x9dfc0000, 0xb1200000, 0xb3540000)
  eden space 235776K, 0% used [0x9dfc0000,0x9dfc0000,0xac600000)
  from space 34816K, 89% used [0xaec80000,0xb0acd750,0xb0e80000)
  to   space 38912K, 0% used [0xac600000,0xac600000,0xaec00000)
 ParOldGen       total 199936K, used 130455K [0x73540000, 0x7f880000, 0x9dfc0000)
  object space 199936K, 65% used [0x73540000,0x7b4a5ff0,0x7f880000)
 PSPermGen       total 16384K, used 3931K [0x6f540000, 0x70540000, 0x73540000)
  object space 16384K, 23% used [0x6f540000,0x6f916e08,0x70540000)
}
Event: 16.605 GC heap before
{Heap before GC invocations=18 (full 3):
 PSYoungGen      total 270592K, used 266805K [0x9dfc0000, 0xb1200000, 0xb3540000)
  eden space 235776K, 100% used [0x9dfc0000,0xac600000,0xac600000)
  from space 34816K, 89% used [0xaec80000,0xb0acd750,0xb0e80000)
  to   space 38912K, 0% used [0xac600000,0xac600000,0xaec00000)
 ParOldGen       total 199936K, used 130455K [0x73540000, 0x7f880000, 0x9dfc0000)
  object space 199936K, 65% used [0x73540000,0x7b4a5ff0,0x7f880000)
 PSPermGen       total 16384K, used 3937K [0x6f540000, 0x70540000, 0x73540000)
  object space 16384K, 24% used [0x6f540000,0x6f9187b0,0x70540000)
Event: 16.765 GC heap after
Heap after GC invocations=18 (full 3):
 PSYoungGen      total 274688K, used 38902K [0x9dfc0000, 0xb3540000, 0xb3540000)
  eden space 235776K, 0% used [0x9dfc0000,0x9dfc0000,0xac600000)
  from space 38912K, 99% used [0xac600000,0xaebfdab0,0xaec00000)
  to   space 55040K, 0% used [0xaff80000,0xaff80000,0xb3540000)
 ParOldGen       total 199936K, used 158137K [0x73540000, 0x7f880000, 0x9dfc0000)
  object space 199936K, 79% used [0x73540000,0x7cfae7b8,0x7f880000)
 PSPermGen       total 16384K, used 3937K [0x6f540000, 0x70540000, 0x73540000)
  object space 16384K, 24% used [0x6f540000,0x6f9187b0,0x70540000)
}
Event: 29.327 GC heap before
{Heap before GC invocations=19 (full 3):
 PSYoungGen      total 274688K, used 274678K [0x9dfc0000, 0xb3540000, 0xb3540000)
  eden space 235776K, 100% used [0x9dfc0000,0xac600000,0xac600000)
  from space 38912K, 99% used [0xac600000,0xaebfdab0,0xaec00000)
  to   space 55040K, 0% used [0xaff80000,0xaff80000,0xb3540000)
 ParOldGen       total 199936K, used 158137K [0x73540000, 0x7f880000, 0x9dfc0000)
  object space 199936K, 79% used [0x73540000,0x7cfae7b8,0x7f880000)
 PSPermGen       total 16384K, used 3950K [0x6f540000, 0x70540000, 0x73540000)
  object space 16384K, 24% used [0x6f540000,0x6f91bac8,0x70540000)
Event: 36.098 GC heap after
Heap after GC invocations=19 (full 3):
 PSYoungGen      total 289536K, used 37290K [0x9dfc0000, 0xb3540000, 0xb3540000)
  eden space 234496K, 0% used [0x9dfc0000,0x9dfc0000,0xac4c0000)
  from space 55040K, 67% used [0xaff80000,0xb23ea960,0xb3540000)
  to   space 57600K, 0% used [0xac4c0000,0xac4c0000,0xafd00000)
 ParOldGen       total 199936K, used 197297K [0x73540000, 0x7f880000, 0x9dfc0000)
  object space 199936K, 98% used [0x73540000,0x7f5ec738,0x7f880000)
 PSPermGen       total 16384K, used 3950K [0x6f540000, 0x70540000, 0x73540000)
  object space 16384K, 24% used [0x6f540000,0x6f91bac8,0x70540000)
}
Event: 37.314 GC heap before
{Heap before GC invocations=20 (full 4):
 PSYoungGen      total 289536K, used 37290K [0x9dfc0000, 0xb3540000, 0xb3540000)
  eden space 234496K, 0% used [0x9dfc0000,0x9dfc0000,0xac4c0000)
  from space 55040K, 67% used [0xaff80000,0xb23ea960,0xb3540000)
  to   space 57600K, 0% used [0xac4c0000,0xac4c0000,0xafd00000)
 ParOldGen       total 199936K, used 197297K [0x73540000, 0x7f880000, 0x9dfc0000)
  object space 199936K, 98% used [0x73540000,0x7f5ec738,0x7f880000)
 PSPermGen       total 16384K, used 3950K [0x6f540000, 0x70540000, 0x73540000)
  object space 16384K, 24% used [0x6f540000,0x6f91bac8,0x70540000)

