# JRE version: Java(TM) SE Runtime Environment (7.0_51-b13) (build 1.7.0_51-b13)
# Java VM: Java HotSpot(TM) Server VM (24.51-b03 mixed mode linux-x86 )
Heap
 PSYoungGen      total 273920K, used 29442K [0x9e000000, 0xb3580000, 0xb3580000)
  eden space 198144K, 0% used [0x9e000000,0x9e000000,0xaa180000)
  from space 75776K, 38% used [0xaa180000,0xabe40a50,0xaeb80000)
  to   space 72448K, 0% used [0xaeec0000,0xaeec0000,0xb3580000)
 ParOldGen       total 237056K, used 236998K [0x73580000, 0x81d00000, 0x9e000000)
  object space 237056K, 99% used [0x73580000,0x81cf1930,0x81d00000)
 PSPermGen       total 16384K, used 3958K [0x6f580000, 0x70580000, 0x73580000)
  object space 16384K, 24% used [0x6f580000,0x6f95d8d0,0x70580000)
GC Heap History (10 events):
Event: 13.656 GC heap after
Heap after GC invocations=14 (full 2):
 PSYoungGen      total 275968K, used 54375K [0x9e000000, 0xb3580000, 0xb3580000)
  eden space 219136K, 0% used [0x9e000000,0x9e000000,0xab600000)
  from space 56832K, 95% used [0xafe00000,0xb3319cb0,0xb3580000)
  to   space 65280K, 0% used [0xab600000,0xab600000,0xaf5c0000)
 ParOldGen       total 136960K, used 120831K [0x73580000, 0x7bb40000, 0x9e000000)
  object space 136960K, 88% used [0x73580000,0x7ab7ff90,0x7bb40000)
 PSPermGen       total 16384K, used 3934K [0x6f580000, 0x70580000, 0x73580000)
  object space 16384K, 24% used [0x6f580000,0x6f957b18,0x70580000)
}
Event: 13.656 GC heap before
{Heap before GC invocations=15 (full 3):
 PSYoungGen      total 275968K, used 54375K [0x9e000000, 0xb3580000, 0xb3580000)
  eden space 219136K, 0% used [0x9e000000,0x9e000000,0xab600000)
  from space 56832K, 95% used [0xafe00000,0xb3319cb0,0xb3580000)
  to   space 65280K, 0% used [0xab600000,0xab600000,0xaf5c0000)
 ParOldGen       total 136960K, used 120831K [0x73580000, 0x7bb40000, 0x9e000000)
  object space 136960K, 88% used [0x73580000,0x7ab7ff90,0x7bb40000)
 PSPermGen       total 16384K, used 3934K [0x6f580000, 0x70580000, 0x73580000)
  object space 16384K, 24% used [0x6f580000,0x6f957b18,0x70580000)
Event: 14.613 GC heap after
Heap after GC invocations=15 (full 3):
 PSYoungGen      total 275968K, used 34340K [0x9e000000, 0xb3580000, 0xb3580000)
  eden space 219136K, 0% used [0x9e000000,0x9e000000,0xab600000)
  from space 56832K, 60% used [0xafe00000,0xb1f89070,0xb3580000)
  to   space 65280K, 0% used [0xab600000,0xab600000,0xaf5c0000)
 ParOldGen       total 218112K, used 136821K [0x73580000, 0x80a80000, 0x9e000000)
  object space 218112K, 62% used [0x73580000,0x7bb1d660,0x80a80000)
 PSPermGen       total 16384K, used 3934K [0x6f580000, 0x70580000, 0x73580000)
  object space 16384K, 24% used [0x6f580000,0x6f9579f8,0x70580000)
}
Event: 15.257 GC heap before
{Heap before GC invocations=16 (full 3):
 PSYoungGen      total 275968K, used 253476K [0x9e000000, 0xb3580000, 0xb3580000)
  eden space 219136K, 100% used [0x9e000000,0xab600000,0xab600000)
  from space 56832K, 60% used [0xafe00000,0xb1f89070,0xb3580000)
  to   space 65280K, 0% used [0xab600000,0xab600000,0xaf5c0000)
 ParOldGen       total 218112K, used 136821K [0x73580000, 0x80a80000, 0x9e000000)
  object space 218112K, 62% used [0x73580000,0x7bb1d660,0x80a80000)
 PSPermGen       total 16384K, used 3937K [0x6f580000, 0x70580000, 0x73580000)
  object space 16384K, 24% used [0x6f580000,0x6f9586f8,0x70580000)
Event: 15.443 GC heap after
Heap after GC invocations=16 (full 3):
 PSYoungGen      total 284416K, used 33735K [0x9e000000, 0xb3580000, 0xb3580000)
  eden space 219136K, 0% used [0x9e000000,0x9e000000,0xab600000)
  from space 65280K, 51% used [0xab600000,0xad6f1ce0,0xaf5c0000)
  to   space 64512K, 0% used [0xaf680000,0xaf680000,0xb3580000)
 ParOldGen       total 218112K, used 170003K [0x73580000, 0x80a80000, 0x9e000000)
  object space 218112K, 77% used [0x73580000,0x7db84c98,0x80a80000)
 PSPermGen       total 16384K, used 3937K [0x6f580000, 0x70580000, 0x73580000)
  object space 16384K, 24% used [0x6f580000,0x6f9586f8,0x70580000)
}
Event: 15.973 GC heap before
{Heap before GC invocations=17 (full 3):
 PSYoungGen      total 284416K, used 252871K [0x9e000000, 0xb3580000, 0xb3580000)
  eden space 219136K, 100% used [0x9e000000,0xab600000,0xab600000)
  from space 65280K, 51% used [0xab600000,0xad6f1ce0,0xaf5c0000)
  to   space 64512K, 0% used [0xaf680000,0xaf680000,0xb3580000)
 ParOldGen       total 218112K, used 170003K [0x73580000, 0x80a80000, 0x9e000000)
  object space 218112K, 77% used [0x73580000,0x7db84c98,0x80a80000)
 PSPermGen       total 16384K, used 3952K [0x6f580000, 0x70580000, 0x73580000)
  object space 16384K, 24% used [0x6f580000,0x6f95c338,0x70580000)
Event: 16.066 GC heap after
Heap after GC invocations=17 (full 3):
 PSYoungGen      total 262656K, used 64510K [0x9e000000, 0xb3580000, 0xb3580000)
  eden space 198144K, 0% used [0x9e000000,0x9e000000,0xaa180000)
  from space 64512K, 99% used [0xaf680000,0xb357f820,0xb3580000)
  to   space 75776K, 0% used [0xaa180000,0xaa180000,0xaeb80000)
 ParOldGen       total 218112K, used 172263K [0x73580000, 0x80a80000, 0x9e000000)
  object space 218112K, 78% used [0x73580000,0x7ddb9cc8,0x80a80000)
 PSPermGen       total 16384K, used 3952K [0x6f580000, 0x70580000, 0x73580000)
  object space 16384K, 24% used [0x6f580000,0x6f95c338,0x70580000)
}
Event: 16.555 GC heap before
{Heap before GC invocations=18 (full 3):
 PSYoungGen      total 262656K, used 262654K [0x9e000000, 0xb3580000, 0xb3580000)
  eden space 198144K, 100% used [0x9e000000,0xaa180000,0xaa180000)
  from space 64512K, 99% used [0xaf680000,0xb357f820,0xb3580000)
  to   space 75776K, 0% used [0xaa180000,0xaa180000,0xaeb80000)
 ParOldGen       total 218112K, used 172263K [0x73580000, 0x80a80000, 0x9e000000)
  object space 218112K, 78% used [0x73580000,0x7ddb9cc8,0x80a80000)
 PSPermGen       total 16384K, used 3958K [0x6f580000, 0x70580000, 0x73580000)
  object space 16384K, 24% used [0x6f580000,0x6f95d920,0x70580000)
Event: 16.725 GC heap after
Heap after GC invocations=18 (full 3):
 PSYoungGen      total 273920K, used 33574K [0x9e000000, 0xb3580000, 0xb3580000)
  eden space 198144K, 0% used [0x9e000000,0x9e000000,0xaa180000)
  from space 75776K, 44% used [0xaa180000,0xac249970,0xaeb80000)
  to   space 72448K, 0% used [0xaeec0000,0xaeec0000,0xb3580000)
 ParOldGen       total 237056K, used 237029K [0x73580000, 0x81d00000, 0x9e000000)
  object space 237056K, 99% used [0x73580000,0x81cf95c8,0x81d00000)
 PSPermGen       total 16384K, used 3958K [0x6f580000, 0x70580000, 0x73580000)
  object space 16384K, 24% used [0x6f580000,0x6f95d920,0x70580000)
}
Event: 16.725 GC heap before
{Heap before GC invocations=19 (full 4):
 PSYoungGen      total 273920K, used 33574K [0x9e000000, 0xb3580000, 0xb3580000)
  eden space 198144K, 0% used [0x9e000000,0x9e000000,0xaa180000)
  from space 75776K, 44% used [0xaa180000,0xac249970,0xaeb80000)
  to   space 72448K, 0% used [0xaeec0000,0xaeec0000,0xb3580000)
 ParOldGen       total 237056K, used 237029K [0x73580000, 0x81d00000, 0x9e000000)
  object space 237056K, 99% used [0x73580000,0x81cf95c8,0x81d00000)
 PSPermGen       total 16384K, used 3958K [0x6f580000, 0x70580000, 0x73580000)
  object space 16384K, 24% used [0x6f580000,0x6f95d920,0x70580000)

