# JRE version: Java(TM) SE Runtime Environment (7.0_51-b13) (build 1.7.0_51-b13)
# Java VM: Java HotSpot(TM) Server VM (24.51-b03 mixed mode linux-x86 )
Heap
 PSYoungGen      total 272640K, used 0K [0x9dfc0000, 0xb3540000, 0xb3540000)
  eden space 195584K, 0% used [0x9dfc0000,0x9dfc0000,0xa9ec0000)
  from space 77056K, 0% used [0xa9ec0000,0xa9ec0000,0xaea00000)
  to   space 73472K, 0% used [0xaed80000,0xaed80000,0xb3540000)
 ParOldGen       total 333312K, used 316437K [0x73540000, 0x87ac0000, 0x9dfc0000)
  object space 333312K, 94% used [0x73540000,0x86a45478,0x87ac0000)
 PSPermGen       total 16384K, used 3989K [0x6f540000, 0x70540000, 0x73540000)
  object space 16384K, 24% used [0x6f540000,0x6f9257e0,0x70540000)
GC Heap History (10 events):
Event: 19.195 GC heap after
Heap after GC invocations=19 (full 3):
 PSYoungGen      total 270848K, used 54267K [0x9dfc0000, 0xb3540000, 0xb3540000)
  eden space 216576K, 0% used [0x9dfc0000,0x9dfc0000,0xab340000)
  from space 54272K, 99% used [0xb0040000,0xb353ef58,0xb3540000)
  to   space 66560K, 0% used [0xab340000,0xab340000,0xaf440000)
 ParOldGen       total 207360K, used 165600K [0x73540000, 0x7ffc0000, 0x9dfc0000)
  object space 207360K, 79% used [0x73540000,0x7d6f8130,0x7ffc0000)
 PSPermGen       total 16384K, used 3947K [0x6f540000, 0x70540000, 0x73540000)
  object space 16384K, 24% used [0x6f540000,0x6f91aff0,0x70540000)
}
Event: 20.605 GC heap before
{Heap before GC invocations=20 (full 3):
 PSYoungGen      total 270848K, used 270843K [0x9dfc0000, 0xb3540000, 0xb3540000)
  eden space 216576K, 100% used [0x9dfc0000,0xab340000,0xab340000)
  from space 54272K, 99% used [0xb0040000,0xb353ef58,0xb3540000)
  to   space 66560K, 0% used [0xab340000,0xab340000,0xaf440000)
 ParOldGen       total 207360K, used 165600K [0x73540000, 0x7ffc0000, 0x9dfc0000)
  object space 207360K, 79% used [0x73540000,0x7d6f8130,0x7ffc0000)
 PSPermGen       total 16384K, used 3955K [0x6f540000, 0x70540000, 0x73540000)
  object space 16384K, 24% used [0x6f540000,0x6f91cfa8,0x70540000)
Event: 20.725 GC heap after
Heap after GC invocations=20 (full 3):
 PSYoungGen      total 283136K, used 36568K [0x9dfc0000, 0xb3540000, 0xb3540000)
  eden space 216576K, 0% used [0x9dfc0000,0x9dfc0000,0xab340000)
  from space 66560K, 54% used [0xab340000,0xad6f63e8,0xaf440000)
  to   space 66304K, 0% used [0xaf480000,0xaf480000,0xb3540000)
 ParOldGen       total 220672K, used 220217K [0x73540000, 0x80cc0000, 0x9dfc0000)
  object space 220672K, 99% used [0x73540000,0x80c4e538,0x80cc0000)
 PSPermGen       total 16384K, used 3955K [0x6f540000, 0x70540000, 0x73540000)
  object space 16384K, 24% used [0x6f540000,0x6f91cfa8,0x70540000)
}
Event: 20.725 GC heap before
{Heap before GC invocations=21 (full 4):
 PSYoungGen      total 283136K, used 36568K [0x9dfc0000, 0xb3540000, 0xb3540000)
  eden space 216576K, 0% used [0x9dfc0000,0x9dfc0000,0xab340000)
  from space 66560K, 54% used [0xab340000,0xad6f63e8,0xaf440000)
  to   space 66304K, 0% used [0xaf480000,0xaf480000,0xb3540000)
 ParOldGen       total 220672K, used 220217K [0x73540000, 0x80cc0000, 0x9dfc0000)
  object space 220672K, 99% used [0x73540000,0x80c4e538,0x80cc0000)
 PSPermGen       total 16384K, used 3955K [0x6f540000, 0x70540000, 0x73540000)
  object space 16384K, 24% used [0x6f540000,0x6f91cfa8,0x70540000)
Event: 21.900 GC heap after
Heap after GC invocations=21 (full 4):
 PSYoungGen      total 283136K, used 33624K [0x9dfc0000, 0xb3540000, 0xb3540000)
  eden space 216576K, 0% used [0x9dfc0000,0x9dfc0000,0xab340000)
  from space 66560K, 50% used [0xab340000,0xad416378,0xaf440000)
  to   space 66304K, 0% used [0xaf480000,0xaf480000,0xb3540000)
 ParOldGen       total 333312K, used 220518K [0x73540000, 0x87ac0000, 0x9dfc0000)
  object space 333312K, 66% used [0x73540000,0x80c99ba8,0x87ac0000)
 PSPermGen       total 16384K, used 3955K [0x6f540000, 0x70540000, 0x73540000)
  object space 16384K, 24% used [0x6f540000,0x6f91cf48,0x70540000)
}
Event: 24.644 GC heap before
{Heap before GC invocations=22 (full 4):
 PSYoungGen      total 283136K, used 250200K [0x9dfc0000, 0xb3540000, 0xb3540000)
  eden space 216576K, 100% used [0x9dfc0000,0xab340000,0xab340000)
  from space 66560K, 50% used [0xab340000,0xad416378,0xaf440000)
  to   space 66304K, 0% used [0xaf480000,0xaf480000,0xb3540000)
 ParOldGen       total 333312K, used 220518K [0x73540000, 0x87ac0000, 0x9dfc0000)
  object space 333312K, 66% used [0x73540000,0x80c99ba8,0x87ac0000)
 PSPermGen       total 16384K, used 3963K [0x6f540000, 0x70540000, 0x73540000)
  object space 16384K, 24% used [0x6f540000,0x6f91efb8,0x70540000)
Event: 24.777 GC heap after
Heap after GC invocations=22 (full 4):
 PSYoungGen      total 261888K, used 66303K [0x9dfc0000, 0xb3540000, 0xb3540000)
  eden space 195584K, 0% used [0x9dfc0000,0x9dfc0000,0xa9ec0000)
  from space 66304K, 99% used [0xaf480000,0xb353fdf0,0xb3540000)
  to   space 77056K, 0% used [0xa9ec0000,0xa9ec0000,0xaea00000)
 ParOldGen       total 333312K, used 221386K [0x73540000, 0x87ac0000, 0x9dfc0000)
  object space 333312K, 66% used [0x73540000,0x80d72860,0x87ac0000)
 PSPermGen       total 16384K, used 3963K [0x6f540000, 0x70540000, 0x73540000)
  object space 16384K, 24% used [0x6f540000,0x6f91efb8,0x70540000)
}
Event: 25.510 GC heap before
{Heap before GC invocations=23 (full 4):
 PSYoungGen      total 261888K, used 261887K [0x9dfc0000, 0xb3540000, 0xb3540000)
  eden space 195584K, 100% used [0x9dfc0000,0xa9ec0000,0xa9ec0000)
  from space 66304K, 99% used [0xaf480000,0xb353fdf0,0xb3540000)
  to   space 77056K, 0% used [0xa9ec0000,0xa9ec0000,0xaea00000)
 ParOldGen       total 333312K, used 221386K [0x73540000, 0x87ac0000, 0x9dfc0000)
  object space 333312K, 66% used [0x73540000,0x80d72860,0x87ac0000)
 PSPermGen       total 16384K, used 3990K [0x6f540000, 0x70540000, 0x73540000)
  object space 16384K, 24% used [0x6f540000,0x6f925840,0x70540000)
Event: 25.655 GC heap after
Heap after GC invocations=23 (full 4):
 PSYoungGen      total 272640K, used 33920K [0x9dfc0000, 0xb3540000, 0xb3540000)
  eden space 195584K, 0% used [0x9dfc0000,0x9dfc0000,0xa9ec0000)
  from space 77056K, 44% used [0xa9ec0000,0xabfe0118,0xaea00000)
  to   space 73472K, 0% used [0xaed80000,0xaed80000,0xb3540000)
 ParOldGen       total 333312K, used 287215K [0x73540000, 0x87ac0000, 0x9dfc0000)
  object space 333312K, 86% used [0x73540000,0x84dbbf18,0x87ac0000)
 PSPermGen       total 16384K, used 3990K [0x6f540000, 0x70540000, 0x73540000)
  object space 16384K, 24% used [0x6f540000,0x6f925840,0x70540000)
}
Event: 25.655 GC heap before
{Heap before GC invocations=24 (full 5):
 PSYoungGen      total 272640K, used 33920K [0x9dfc0000, 0xb3540000, 0xb3540000)
  eden space 195584K, 0% used [0x9dfc0000,0x9dfc0000,0xa9ec0000)
  from space 77056K, 44% used [0xa9ec0000,0xabfe0118,0xaea00000)
  to   space 73472K, 0% used [0xaed80000,0xaed80000,0xb3540000)
 ParOldGen       total 333312K, used 287215K [0x73540000, 0x87ac0000, 0x9dfc0000)
  object space 333312K, 86% used [0x73540000,0x84dbbf18,0x87ac0000)
 PSPermGen       total 16384K, used 3990K [0x6f540000, 0x70540000, 0x73540000)
  object space 16384K, 24% used [0x6f540000,0x6f925840,0x70540000)

