# JRE version: Java(TM) SE Runtime Environment (7.0_51-b13) (build 1.7.0_51-b13)
# Java VM: Java HotSpot(TM) Server VM (24.51-b03 mixed mode linux-x86 )
Heap
 PSYoungGen      total 275712K, used 27354K [0x9e000000, 0xb3580000, 0xb3580000)
  eden space 211712K, 0% used [0x9e000000,0x9e000000,0xaaec0000)
  from space 64000K, 42% used [0xaaec0000,0xac976bb0,0xaed40000)
  to   space 63744K, 0% used [0xaf740000,0xaf740000,0xb3580000)
 ParOldGen       total 216576K, used 216575K [0x73580000, 0x80900000, 0x9e000000)
  object space 216576K, 99% used [0x73580000,0x808ffe08,0x80900000)
 PSPermGen       total 16384K, used 3955K [0x6f580000, 0x70580000, 0x73580000)
  object space 16384K, 24% used [0x6f580000,0x6f95cc80,0x70580000)
GC Heap History (10 events):
Event: 15.215 GC heap after
Heap after GC invocations=16 (full 2):
 PSYoungGen      total 231680K, used 47097K [0x9e000000, 0xb0e00000, 0xb3580000)
  eden space 184576K, 0% used [0x9e000000,0x9e000000,0xa9440000)
  from space 47104K, 99% used [0xacac0000,0xaf8be5c0,0xaf8c0000)
  to   space 55808K, 0% used [0xa9440000,0xa9440000,0xacac0000)
 ParOldGen       total 133888K, used 110795K [0x73580000, 0x7b840000, 0x9e000000)
  object space 133888K, 82% used [0x73580000,0x7a1b2cb0,0x7b840000)
 PSPermGen       total 16384K, used 3934K [0x6f580000, 0x70580000, 0x73580000)
  object space 16384K, 24% used [0x6f580000,0x6f957910,0x70580000)
}
Event: 15.216 GC heap before
{Heap before GC invocations=17 (full 3):
 PSYoungGen      total 231680K, used 47097K [0x9e000000, 0xb0e00000, 0xb3580000)
  eden space 184576K, 0% used [0x9e000000,0x9e000000,0xa9440000)
  from space 47104K, 99% used [0xacac0000,0xaf8be5c0,0xaf8c0000)
  to   space 55808K, 0% used [0xa9440000,0xa9440000,0xacac0000)
 ParOldGen       total 133888K, used 110795K [0x73580000, 0x7b840000, 0x9e000000)
  object space 133888K, 82% used [0x73580000,0x7a1b2cb0,0x7b840000)
 PSPermGen       total 16384K, used 3934K [0x6f580000, 0x70580000, 0x73580000)
  object space 16384K, 24% used [0x6f580000,0x6f957910,0x70580000)
Event: 15.957 GC heap after
Heap after GC invocations=17 (full 3):
 PSYoungGen      total 231680K, used 21851K [0x9e000000, 0xb0e00000, 0xb3580000)
  eden space 184576K, 0% used [0x9e000000,0x9e000000,0xa9440000)
  from space 47104K, 46% used [0xacac0000,0xae016ec0,0xaf8c0000)
  to   space 55808K, 0% used [0xa9440000,0xa9440000,0xacac0000)
 ParOldGen       total 216576K, used 133871K [0x73580000, 0x80900000, 0x9e000000)
  object space 216576K, 61% used [0x73580000,0x7b83bce8,0x80900000)
 PSPermGen       total 16384K, used 3934K [0x6f580000, 0x70580000, 0x73580000)
  object space 16384K, 24% used [0x6f580000,0x6f957810,0x70580000)
}
Event: 16.502 GC heap before
{Heap before GC invocations=18 (full 3):
 PSYoungGen      total 231680K, used 206427K [0x9e000000, 0xb0e00000, 0xb3580000)
  eden space 184576K, 100% used [0x9e000000,0xa9440000,0xa9440000)
  from space 47104K, 46% used [0xacac0000,0xae016ec0,0xaf8c0000)
  to   space 55808K, 0% used [0xa9440000,0xa9440000,0xacac0000)
 ParOldGen       total 216576K, used 133871K [0x73580000, 0x80900000, 0x9e000000)
  object space 216576K, 61% used [0x73580000,0x7b83bce8,0x80900000)
 PSPermGen       total 16384K, used 3937K [0x6f580000, 0x70580000, 0x73580000)
  object space 16384K, 24% used [0x6f580000,0x6f9586c0,0x70580000)
Event: 16.687 GC heap after
Heap after GC invocations=18 (full 3):
 PSYoungGen      total 240384K, used 28923K [0x9e000000, 0xb2300000, 0xb3580000)
  eden space 184576K, 0% used [0x9e000000,0x9e000000,0xa9440000)
  from space 55808K, 51% used [0xa9440000,0xab07ee00,0xacac0000)
  to   space 55040K, 0% used [0xaed40000,0xaed40000,0xb2300000)
 ParOldGen       total 216576K, used 155917K [0x73580000, 0x80900000, 0x9e000000)
  object space 216576K, 71% used [0x73580000,0x7cdc3510,0x80900000)
 PSPermGen       total 16384K, used 3937K [0x6f580000, 0x70580000, 0x73580000)
  object space 16384K, 24% used [0x6f580000,0x6f9586c0,0x70580000)
}
Event: 17.424 GC heap before
{Heap before GC invocations=19 (full 3):
 PSYoungGen      total 240384K, used 213499K [0x9e000000, 0xb2300000, 0xb3580000)
  eden space 184576K, 100% used [0x9e000000,0xa9440000,0xa9440000)
  from space 55808K, 51% used [0xa9440000,0xab07ee00,0xacac0000)
  to   space 55040K, 0% used [0xaed40000,0xaed40000,0xb2300000)
 ParOldGen       total 216576K, used 155917K [0x73580000, 0x80900000, 0x9e000000)
  object space 216576K, 71% used [0x73580000,0x7cdc3510,0x80900000)
 PSPermGen       total 16384K, used 3947K [0x6f580000, 0x70580000, 0x73580000)
  object space 16384K, 24% used [0x6f580000,0x6f95ae88,0x70580000)
Event: 17.584 GC heap after
Heap after GC invocations=19 (full 3):
 PSYoungGen      total 266752K, used 55025K [0x9e000000, 0xb3580000, 0xb3580000)
  eden space 211712K, 0% used [0x9e000000,0x9e000000,0xaaec0000)
  from space 55040K, 99% used [0xaed40000,0xb22fc668,0xb2300000)
  to   space 64000K, 0% used [0xaaec0000,0xaaec0000,0xaed40000)
 ParOldGen       total 216576K, used 156870K [0x73580000, 0x80900000, 0x9e000000)
  object space 216576K, 72% used [0x73580000,0x7ceb1918,0x80900000)
 PSPermGen       total 16384K, used 3947K [0x6f580000, 0x70580000, 0x73580000)
  object space 16384K, 24% used [0x6f580000,0x6f95ae88,0x70580000)
}
Event: 18.401 GC heap before
{Heap before GC invocations=20 (full 3):
 PSYoungGen      total 266752K, used 266737K [0x9e000000, 0xb3580000, 0xb3580000)
  eden space 211712K, 100% used [0x9e000000,0xaaec0000,0xaaec0000)
  from space 55040K, 99% used [0xaed40000,0xb22fc668,0xb2300000)
  to   space 64000K, 0% used [0xaaec0000,0xaaec0000,0xaed40000)
 ParOldGen       total 216576K, used 156870K [0x73580000, 0x80900000, 0x9e000000)
  object space 216576K, 72% used [0x73580000,0x7ceb1918,0x80900000)
 PSPermGen       total 16384K, used 3955K [0x6f580000, 0x70580000, 0x73580000)
  object space 16384K, 24% used [0x6f580000,0x6f95cca0,0x70580000)
Event: 18.556 GC heap after
Heap after GC invocations=20 (full 3):
 PSYoungGen      total 275712K, used 35635K [0x9e000000, 0xb3580000, 0xb3580000)
  eden space 211712K, 0% used [0x9e000000,0x9e000000,0xaaec0000)
  from space 64000K, 55% used [0xaaec0000,0xad18cc28,0xaed40000)
  to   space 63744K, 0% used [0xaf740000,0xaf740000,0xb3580000)
 ParOldGen       total 216576K, used 211995K [0x73580000, 0x80900000, 0x9e000000)
  object space 216576K, 97% used [0x73580000,0x80486cd8,0x80900000)
 PSPermGen       total 16384K, used 3955K [0x6f580000, 0x70580000, 0x73580000)
  object space 16384K, 24% used [0x6f580000,0x6f95cca0,0x70580000)
}
Event: 18.556 GC heap before
{Heap before GC invocations=21 (full 4):
 PSYoungGen      total 275712K, used 35635K [0x9e000000, 0xb3580000, 0xb3580000)
  eden space 211712K, 0% used [0x9e000000,0x9e000000,0xaaec0000)
  from space 64000K, 55% used [0xaaec0000,0xad18cc28,0xaed40000)
  to   space 63744K, 0% used [0xaf740000,0xaf740000,0xb3580000)
 ParOldGen       total 216576K, used 211995K [0x73580000, 0x80900000, 0x9e000000)
  object space 216576K, 97% used [0x73580000,0x80486cd8,0x80900000)
 PSPermGen       total 16384K, used 3955K [0x6f580000, 0x70580000, 0x73580000)
  object space 16384K, 24% used [0x6f580000,0x6f95cca0,0x70580000)

