# JRE version: Java(TM) SE Runtime Environment (7.0_51-b13) (build 1.7.0_51-b13)
# Java VM: Java HotSpot(TM) Server VM (24.51-b03 mixed mode linux-x86 )
Heap
 PSYoungGen      total 289536K, used 0K [0x9df40000, 0xb34c0000, 0xb34c0000)
  eden space 243456K, 0% used [0x9df40000,0x9df40000,0xacd00000)
  from space 46080K, 0% used [0xacd00000,0xacd00000,0xafa00000)
  to   space 60160K, 0% used [0xafa00000,0xafa00000,0xb34c0000)
 ParOldGen       total 286720K, used 271790K [0x734c0000, 0x84cc0000, 0x9df40000)
  object space 286720K, 94% used [0x734c0000,0x83e2b8b8,0x84cc0000)
 PSPermGen       total 16384K, used 3959K [0x6f4c0000, 0x704c0000, 0x734c0000)
  object space 16384K, 24% used [0x6f4c0000,0x6f89df90,0x704c0000)
GC Heap History (10 events):
Event: 13.632 GC heap after
Heap after GC invocations=16 (full 3):
 PSYoungGen      total 232448K, used 13479K [0x9df40000, 0xb2980000, 0xb34c0000)
  eden space 200960K, 0% used [0x9df40000,0x9df40000,0xaa380000)
  from space 31488K, 42% used [0xaa380000,0xab0a9fe8,0xac240000)
  to   space 43520K, 0% used [0xaff00000,0xaff00000,0xb2980000)
 ParOldGen       total 185856K, used 118143K [0x734c0000, 0x7ea40000, 0x9df40000)
  object space 185856K, 63% used [0x734c0000,0x7a81fd98,0x7ea40000)
 PSPermGen       total 16384K, used 3926K [0x6f4c0000, 0x704c0000, 0x734c0000)
  object space 16384K, 23% used [0x6f4c0000,0x6f895a38,0x704c0000)
}
Event: 14.366 GC heap before
{Heap before GC invocations=17 (full 3):
 PSYoungGen      total 232448K, used 214439K [0x9df40000, 0xb2980000, 0xb34c0000)
  eden space 200960K, 100% used [0x9df40000,0xaa380000,0xaa380000)
  from space 31488K, 42% used [0xaa380000,0xab0a9fe8,0xac240000)
  to   space 43520K, 0% used [0xaff00000,0xaff00000,0xb2980000)
 ParOldGen       total 185856K, used 118143K [0x734c0000, 0x7ea40000, 0x9df40000)
  object space 185856K, 63% used [0x734c0000,0x7a81fd98,0x7ea40000)
 PSPermGen       total 16384K, used 3934K [0x6f4c0000, 0x704c0000, 0x734c0000)
  object space 16384K, 24% used [0x6f4c0000,0x6f897b70,0x704c0000)
Event: 14.503 GC heap after
Heap after GC invocations=17 (full 3):
 PSYoungGen      total 284416K, used 30974K [0x9df40000, 0xb2700000, 0xb34c0000)
  eden space 243456K, 0% used [0x9df40000,0x9df40000,0xacd00000)
  from space 40960K, 75% used [0xaff00000,0xb1d3fa30,0xb2700000)
  to   space 46080K, 0% used [0xacd00000,0xacd00000,0xafa00000)
 ParOldGen       total 185856K, used 131862K [0x734c0000, 0x7ea40000, 0x9df40000)
  object space 185856K, 70% used [0x734c0000,0x7b585b00,0x7ea40000)
 PSPermGen       total 16384K, used 3934K [0x6f4c0000, 0x704c0000, 0x734c0000)
  object space 16384K, 24% used [0x6f4c0000,0x6f897b70,0x704c0000)
}
Event: 15.323 GC heap before
{Heap before GC invocations=18 (full 3):
 PSYoungGen      total 284416K, used 274430K [0x9df40000, 0xb2700000, 0xb34c0000)
  eden space 243456K, 100% used [0x9df40000,0xacd00000,0xacd00000)
  from space 40960K, 75% used [0xaff00000,0xb1d3fa30,0xb2700000)
  to   space 46080K, 0% used [0xacd00000,0xacd00000,0xafa00000)
 ParOldGen       total 185856K, used 131862K [0x734c0000, 0x7ea40000, 0x9df40000)
  object space 185856K, 70% used [0x734c0000,0x7b585b00,0x7ea40000)
 PSPermGen       total 16384K, used 3939K [0x6f4c0000, 0x704c0000, 0x734c0000)
  object space 16384K, 24% used [0x6f4c0000,0x6f898e68,0x704c0000)
Event: 15.446 GC heap after
Heap after GC invocations=18 (full 3):
 PSYoungGen      total 289536K, used 46079K [0x9df40000, 0xb34c0000, 0xb34c0000)
  eden space 243456K, 0% used [0x9df40000,0x9df40000,0xacd00000)
  from space 46080K, 99% used [0xacd00000,0xaf9ffc08,0xafa00000)
  to   space 60160K, 0% used [0xafa00000,0xafa00000,0xb34c0000)
 ParOldGen       total 185856K, used 154113K [0x734c0000, 0x7ea40000, 0x9df40000)
  object space 185856K, 82% used [0x734c0000,0x7cb405b8,0x7ea40000)
 PSPermGen       total 16384K, used 3939K [0x6f4c0000, 0x704c0000, 0x734c0000)
  object space 16384K, 24% used [0x6f4c0000,0x6f898e68,0x704c0000)
}
Event: 16.306 GC heap before
{Heap before GC invocations=19 (full 3):
 PSYoungGen      total 289536K, used 289535K [0x9df40000, 0xb34c0000, 0xb34c0000)
  eden space 243456K, 100% used [0x9df40000,0xacd00000,0xacd00000)
  from space 46080K, 99% used [0xacd00000,0xaf9ffc08,0xafa00000)
  to   space 60160K, 0% used [0xafa00000,0xafa00000,0xb34c0000)
 ParOldGen       total 185856K, used 154113K [0x734c0000, 0x7ea40000, 0x9df40000)
  object space 185856K, 82% used [0x734c0000,0x7cb405b8,0x7ea40000)
 PSPermGen       total 16384K, used 3951K [0x6f4c0000, 0x704c0000, 0x734c0000)
  object space 16384K, 24% used [0x6f4c0000,0x6f89bec0,0x704c0000)
Event: 16.624 GC heap after
Heap after GC invocations=19 (full 3):
 PSYoungGen      total 289536K, used 289535K [0x9df40000, 0xb34c0000, 0xb34c0000)
  eden space 243456K, 100% used [0x9df40000,0xacd00000,0xacd00000)
  from space 46080K, 99% used [0xacd00000,0xaf9ffc08,0xafa00000)
  to   space 60160K, 63% used [0xafa00000,0xb1f2e4d0,0xb34c0000)
 ParOldGen       total 199168K, used 198821K [0x734c0000, 0x7f740000, 0x9df40000)
  object space 199168K, 99% used [0x734c0000,0x7f6e9620,0x7f740000)
 PSPermGen       total 16384K, used 3951K [0x6f4c0000, 0x704c0000, 0x734c0000)
  object space 16384K, 24% used [0x6f4c0000,0x6f89bec0,0x704c0000)
}
Event: 16.624 GC heap before
{Heap before GC invocations=20 (full 4):
 PSYoungGen      total 289536K, used 289535K [0x9df40000, 0xb34c0000, 0xb34c0000)
  eden space 243456K, 100% used [0x9df40000,0xacd00000,0xacd00000)
  from space 46080K, 99% used [0xacd00000,0xaf9ffc08,0xafa00000)
  to   space 60160K, 63% used [0xafa00000,0xb1f2e4d0,0xb34c0000)
 ParOldGen       total 199168K, used 198821K [0x734c0000, 0x7f740000, 0x9df40000)
  object space 199168K, 99% used [0x734c0000,0x7f6e9620,0x7f740000)
 PSPermGen       total 16384K, used 3951K [0x6f4c0000, 0x704c0000, 0x734c0000)
  object space 16384K, 24% used [0x6f4c0000,0x6f89bec0,0x704c0000)
Event: 17.701 GC heap after
Heap after GC invocations=20 (full 4):
 PSYoungGen      total 289536K, used 0K [0x9df40000, 0xb34c0000, 0xb34c0000)
  eden space 243456K, 0% used [0x9df40000,0x9df40000,0xacd00000)
  from space 46080K, 0% used [0xacd00000,0xacd00000,0xafa00000)
  to   space 60160K, 58% used [0xafa00000,0xb1c6a8e0,0xb34c0000)
 ParOldGen       total 286720K, used 198975K [0x734c0000, 0x84cc0000, 0x9df40000)
  object space 286720K, 69% used [0x734c0000,0x7f70ff30,0x84cc0000)
 PSPermGen       total 16384K, used 3951K [0x6f4c0000, 0x704c0000, 0x734c0000)
  object space 16384K, 24% used [0x6f4c0000,0x6f89be60,0x704c0000)
}
Event: 18.605 GC heap before
{Heap before GC invocations=21 (full 5):
 PSYoungGen      total 289536K, used 243456K [0x9df40000, 0xb34c0000, 0xb34c0000)
  eden space 243456K, 100% used [0x9df40000,0xacd00000,0xacd00000)
  from space 46080K, 0% used [0xacd00000,0xacd00000,0xafa00000)
  to   space 60160K, 58% used [0xafa00000,0xb1c6a8e0,0xb34c0000)
 ParOldGen       total 286720K, used 198975K [0x734c0000, 0x84cc0000, 0x9df40000)
  object space 286720K, 69% used [0x734c0000,0x7f70ff30,0x84cc0000)
 PSPermGen       total 16384K, used 3959K [0x6f4c0000, 0x704c0000, 0x734c0000)
  object space 16384K, 24% used [0x6f4c0000,0x6f89dfb0,0x704c0000)

