# JRE version: Java(TM) SE Runtime Environment (7.0_51-b13) (build 1.7.0_51-b13)
# Java VM: Java HotSpot(TM) Server VM (24.51-b03 mixed mode linux-x86 )
Heap
 PSYoungGen      total 173056K, used 17014K [0x9e040000, 0xb3300000, 0xb35c0000)
  eden space 116736K, 0% used [0x9e040000,0x9e040000,0xa5240000)
  from space 56320K, 30% used [0xa5240000,0xa62dd868,0xa8940000)
  to   space 114176K, 0% used [0xac380000,0xac380000,0xb3300000)
 ParOldGen       total 306944K, used 306884K [0x735c0000, 0x86180000, 0x9e040000)
  object space 306944K, 99% used [0x735c0000,0x86171020,0x86180000)
 PSPermGen       total 16384K, used 3992K [0x6f5c0000, 0x705c0000, 0x735c0000)
  object space 16384K, 24% used [0x6f5c0000,0x6f9a6220,0x705c0000)
GC Heap History (10 events):
Event: 20.645 GC heap after
Heap after GC invocations=21 (full 3):
 PSYoungGen      total 207872K, used 91135K [0x9e040000, 0xb35c0000, 0xb35c0000)
  eden space 116736K, 0% used [0x9e040000,0x9e040000,0xa5240000)
  from space 91136K, 99% used [0xadcc0000,0xb35bfc38,0xb35c0000)
  to   space 116480K, 0% used [0xa5240000,0xa5240000,0xac400000)
 ParOldGen       total 205312K, used 183332K [0x735c0000, 0x7fe40000, 0x9e040000)
  object space 205312K, 89% used [0x735c0000,0x7e8c9080,0x7fe40000)
 PSPermGen       total 16384K, used 3960K [0x6f5c0000, 0x705c0000, 0x735c0000)
  object space 16384K, 24% used [0x6f5c0000,0x6f99e018,0x705c0000)
}
Event: 20.645 GC heap before
{Heap before GC invocations=22 (full 4):
 PSYoungGen      total 207872K, used 91135K [0x9e040000, 0xb35c0000, 0xb35c0000)
  eden space 116736K, 0% used [0x9e040000,0x9e040000,0xa5240000)
  from space 91136K, 99% used [0xadcc0000,0xb35bfc38,0xb35c0000)
  to   space 116480K, 0% used [0xa5240000,0xa5240000,0xac400000)
 ParOldGen       total 205312K, used 183332K [0x735c0000, 0x7fe40000, 0x9e040000)
  object space 205312K, 89% used [0x735c0000,0x7e8c9080,0x7fe40000)
 PSPermGen       total 16384K, used 3960K [0x6f5c0000, 0x705c0000, 0x735c0000)
  object space 16384K, 24% used [0x6f5c0000,0x6f99e018,0x705c0000)
Event: 22.172 GC heap after
Heap after GC invocations=22 (full 4):
 PSYoungGen      total 207872K, used 67077K [0x9e040000, 0xb35c0000, 0xb35c0000)
  eden space 116736K, 0% used [0x9e040000,0x9e040000,0xa5240000)
  from space 91136K, 73% used [0xadcc0000,0xb1e41740,0xb35c0000)
  to   space 116480K, 0% used [0xa5240000,0xa5240000,0xac400000)
 ParOldGen       total 306944K, used 205059K [0x735c0000, 0x86180000, 0x9e040000)
  object space 306944K, 66% used [0x735c0000,0x7fe00f68,0x86180000)
 PSPermGen       total 16384K, used 3959K [0x6f5c0000, 0x705c0000, 0x735c0000)
  object space 16384K, 24% used [0x6f5c0000,0x6f99df58,0x705c0000)
}
Event: 22.600 GC heap before
{Heap before GC invocations=23 (full 4):
 PSYoungGen      total 207872K, used 183813K [0x9e040000, 0xb35c0000, 0xb35c0000)
  eden space 116736K, 100% used [0x9e040000,0xa5240000,0xa5240000)
  from space 91136K, 73% used [0xadcc0000,0xb1e41740,0xb35c0000)
  to   space 116480K, 0% used [0xa5240000,0xa5240000,0xac400000)
 ParOldGen       total 306944K, used 205059K [0x735c0000, 0x86180000, 0x9e040000)
  object space 306944K, 66% used [0x735c0000,0x7fe00f68,0x86180000)
 PSPermGen       total 16384K, used 3967K [0x6f5c0000, 0x705c0000, 0x735c0000)
  object space 16384K, 24% used [0x6f5c0000,0x6f99fdd0,0x705c0000)
Event: 22.844 GC heap after
Heap after GC invocations=23 (full 4):
 PSYoungGen      total 233216K, used 53794K [0x9e040000, 0xb35c0000, 0xb35c0000)
  eden space 116736K, 0% used [0x9e040000,0x9e040000,0xa5240000)
  from space 116480K, 46% used [0xa5240000,0xa86c8890,0xac400000)
  to   space 114688K, 0% used [0xac5c0000,0xac5c0000,0xb35c0000)
 ParOldGen       total 306944K, used 238285K [0x735c0000, 0x86180000, 0x9e040000)
  object space 306944K, 77% used [0x735c0000,0x81e734a0,0x86180000)
 PSPermGen       total 16384K, used 3967K [0x6f5c0000, 0x705c0000, 0x735c0000)
  object space 16384K, 24% used [0x6f5c0000,0x6f99fdd0,0x705c0000)
}
Event: 23.185 GC heap before
{Heap before GC invocations=24 (full 4):
 PSYoungGen      total 233216K, used 170530K [0x9e040000, 0xb35c0000, 0xb35c0000)
  eden space 116736K, 100% used [0x9e040000,0xa5240000,0xa5240000)
  from space 116480K, 46% used [0xa5240000,0xa86c8890,0xac400000)
  to   space 114688K, 0% used [0xac5c0000,0xac5c0000,0xb35c0000)
 ParOldGen       total 306944K, used 238285K [0x735c0000, 0x86180000, 0x9e040000)
  object space 306944K, 77% used [0x735c0000,0x81e734a0,0x86180000)
 PSPermGen       total 16384K, used 3992K [0x6f5c0000, 0x705c0000, 0x735c0000)
  object space 16384K, 24% used [0x6f5c0000,0x6f9a61b0,0x705c0000)
Event: 23.263 GC heap after
Heap after GC invocations=24 (full 4):
 PSYoungGen      total 231424K, used 73180K [0x9e040000, 0xb35c0000, 0xb35c0000)
  eden space 116736K, 0% used [0x9e040000,0x9e040000,0xa5240000)
  from space 114688K, 63% used [0xac5c0000,0xb0d37090,0xb35c0000)
  to   space 116480K, 0% used [0xa5240000,0xa5240000,0xac400000)
 ParOldGen       total 306944K, used 238285K [0x735c0000, 0x86180000, 0x9e040000)
  object space 306944K, 77% used [0x735c0000,0x81e734a0,0x86180000)
 PSPermGen       total 16384K, used 3992K [0x6f5c0000, 0x705c0000, 0x735c0000)
  object space 16384K, 24% used [0x6f5c0000,0x6f9a61b0,0x705c0000)
}
Event: 23.491 GC heap before
{Heap before GC invocations=25 (full 4):
 PSYoungGen      total 231424K, used 189916K [0x9e040000, 0xb35c0000, 0xb35c0000)
  eden space 116736K, 100% used [0x9e040000,0xa5240000,0xa5240000)
  from space 114688K, 63% used [0xac5c0000,0xb0d37090,0xb35c0000)
  to   space 116480K, 0% used [0xa5240000,0xa5240000,0xac400000)
 ParOldGen       total 306944K, used 238285K [0x735c0000, 0x86180000, 0x9e040000)
  object space 306944K, 77% used [0x735c0000,0x81e734a0,0x86180000)
 PSPermGen       total 16384K, used 3992K [0x6f5c0000, 0x705c0000, 0x735c0000)
  object space 16384K, 24% used [0x6f5c0000,0x6f9a6240,0x705c0000)
Event: 23.653 GC heap after
Heap after GC invocations=25 (full 4):
 PSYoungGen      total 173056K, used 56154K [0x9e040000, 0xb3300000, 0xb35c0000)
  eden space 116736K, 0% used [0x9e040000,0x9e040000,0xa5240000)
  from space 56320K, 99% used [0xa5240000,0xa8916878,0xa8940000)
  to   space 114176K, 0% used [0xac380000,0xac380000,0xb3300000)
 ParOldGen       total 306944K, used 273325K [0x735c0000, 0x86180000, 0x9e040000)
  object space 306944K, 89% used [0x735c0000,0x840ab4c0,0x86180000)
 PSPermGen       total 16384K, used 3992K [0x6f5c0000, 0x705c0000, 0x735c0000)
  object space 16384K, 24% used [0x6f5c0000,0x6f9a6240,0x705c0000)
}
Event: 23.653 GC heap before
{Heap before GC invocations=26 (full 5):
 PSYoungGen      total 173056K, used 56154K [0x9e040000, 0xb3300000, 0xb35c0000)
  eden space 116736K, 0% used [0x9e040000,0x9e040000,0xa5240000)
  from space 56320K, 99% used [0xa5240000,0xa8916878,0xa8940000)
  to   space 114176K, 0% used [0xac380000,0xac380000,0xb3300000)
 ParOldGen       total 306944K, used 273325K [0x735c0000, 0x86180000, 0x9e040000)
  object space 306944K, 89% used [0x735c0000,0x840ab4c0,0x86180000)
 PSPermGen       total 16384K, used 3992K [0x6f5c0000, 0x705c0000, 0x735c0000)
  object space 16384K, 24% used [0x6f5c0000,0x6f9a6240,0x705c0000)

