# JRE version: Java(TM) SE Runtime Environment (7.0_51-b13) (build 1.7.0_51-b13)
# Java VM: Java HotSpot(TM) Server VM (24.51-b03 mixed mode linux-x86 )
Heap
 PSYoungGen      total 288512K, used 0K [0x9dfc0000, 0xb3540000, 0xb3540000)
  eden space 226304K, 0% used [0x9dfc0000,0x9dfc0000,0xabcc0000)
  from space 62208K, 0% used [0xaf880000,0xaf880000,0xb3540000)
  to   space 61184K, 0% used [0xabcc0000,0xabcc0000,0xaf880000)
 ParOldGen       total 217856K, used 217161K [0x73540000, 0x80a00000, 0x9dfc0000)
  object space 217856K, 99% used [0x73540000,0x80952438,0x80a00000)
 PSPermGen       total 16384K, used 3947K [0x6f540000, 0x70540000, 0x73540000)
  object space 16384K, 24% used [0x6f540000,0x6f91ad28,0x70540000)
GC Heap History (10 events):
Event: 13.179 GC heap after
Heap after GC invocations=15 (full 2):
 PSYoungGen      total 213504K, used 43251K [0x9dfc0000, 0xb13c0000, 0xb3540000)
  eden space 170240K, 0% used [0x9dfc0000,0x9dfc0000,0xa8600000)
  from space 43264K, 99% used [0xa8600000,0xab03cdb0,0xab040000)
  to   space 53504K, 0% used [0xadf80000,0xadf80000,0xb13c0000)
 ParOldGen       total 133376K, used 85347K [0x73540000, 0x7b780000, 0x9dfc0000)
  object space 133376K, 63% used [0x73540000,0x78898e00,0x7b780000)
 PSPermGen       total 16384K, used 3920K [0x6f540000, 0x70540000, 0x73540000)
  object space 16384K, 23% used [0x6f540000,0x6f9142b0,0x70540000)
}
Event: 13.939 GC heap before
{Heap before GC invocations=16 (full 2):
 PSYoungGen      total 213504K, used 213491K [0x9dfc0000, 0xb13c0000, 0xb3540000)
  eden space 170240K, 100% used [0x9dfc0000,0xa8600000,0xa8600000)
  from space 43264K, 99% used [0xa8600000,0xab03cdb0,0xab040000)
  to   space 53504K, 0% used [0xadf80000,0xadf80000,0xb13c0000)
 ParOldGen       total 133376K, used 85347K [0x73540000, 0x7b780000, 0x9dfc0000)
  object space 133376K, 63% used [0x73540000,0x78898e00,0x7b780000)
 PSPermGen       total 16384K, used 3931K [0x6f540000, 0x70540000, 0x73540000)
  object space 16384K, 23% used [0x6f540000,0x6f916d98,0x70540000)
Event: 14.056 GC heap after
Heap after GC invocations=16 (full 2):
 PSYoungGen      total 262144K, used 29286K [0x9dfc0000, 0xb1a80000, 0xb3540000)
  eden space 208640K, 0% used [0x9dfc0000,0x9dfc0000,0xaab80000)
  from space 53504K, 54% used [0xadf80000,0xafc19878,0xb13c0000)
  to   space 53248K, 0% used [0xaab80000,0xaab80000,0xadf80000)
 ParOldGen       total 133376K, used 128648K [0x73540000, 0x7b780000, 0x9dfc0000)
  object space 133376K, 96% used [0x73540000,0x7b2e2198,0x7b780000)
 PSPermGen       total 16384K, used 3931K [0x6f540000, 0x70540000, 0x73540000)
  object space 16384K, 23% used [0x6f540000,0x6f916d98,0x70540000)
}
Event: 14.056 GC heap before
{Heap before GC invocations=17 (full 3):
 PSYoungGen      total 262144K, used 29286K [0x9dfc0000, 0xb1a80000, 0xb3540000)
  eden space 208640K, 0% used [0x9dfc0000,0x9dfc0000,0xaab80000)
  from space 53504K, 54% used [0xadf80000,0xafc19878,0xb13c0000)
  to   space 53248K, 0% used [0xaab80000,0xaab80000,0xadf80000)
 ParOldGen       total 133376K, used 128648K [0x73540000, 0x7b780000, 0x9dfc0000)
  object space 133376K, 96% used [0x73540000,0x7b2e2198,0x7b780000)
 PSPermGen       total 16384K, used 3931K [0x6f540000, 0x70540000, 0x73540000)
  object space 16384K, 23% used [0x6f540000,0x6f916d98,0x70540000)
Event: 14.814 GC heap after
Heap after GC invocations=17 (full 3):
 PSYoungGen      total 262144K, used 22159K [0x9dfc0000, 0xb1a80000, 0xb3540000)
  eden space 208640K, 0% used [0x9dfc0000,0x9dfc0000,0xaab80000)
  from space 53504K, 41% used [0xadf80000,0xaf523d88,0xb13c0000)
  to   space 53248K, 0% used [0xaab80000,0xaab80000,0xadf80000)
 ParOldGen       total 217856K, used 133359K [0x73540000, 0x80a00000, 0x9dfc0000)
  object space 217856K, 61% used [0x73540000,0x7b77bcd8,0x80a00000)
 PSPermGen       total 16384K, used 3931K [0x6f540000, 0x70540000, 0x73540000)
  object space 16384K, 23% used [0x6f540000,0x6f916c68,0x70540000)
}
Event: 15.444 GC heap before
{Heap before GC invocations=18 (full 3):
 PSYoungGen      total 262144K, used 230799K [0x9dfc0000, 0xb1a80000, 0xb3540000)
  eden space 208640K, 100% used [0x9dfc0000,0xaab80000,0xaab80000)
  from space 53504K, 41% used [0xadf80000,0xaf523d88,0xb13c0000)
  to   space 53248K, 0% used [0xaab80000,0xaab80000,0xadf80000)
 ParOldGen       total 217856K, used 133359K [0x73540000, 0x80a00000, 0x9dfc0000)
  object space 217856K, 61% used [0x73540000,0x7b77bcd8,0x80a00000)
 PSPermGen       total 16384K, used 3935K [0x6f540000, 0x70540000, 0x73540000)
  object space 16384K, 24% used [0x6f540000,0x6f917e40,0x70540000)
Event: 15.592 GC heap after
Heap after GC invocations=18 (full 3):
 PSYoungGen      total 261888K, used 53236K [0x9dfc0000, 0xb3540000, 0xb3540000)
  eden space 208640K, 0% used [0x9dfc0000,0x9dfc0000,0xaab80000)
  from space 53248K, 99% used [0xaab80000,0xadf7d2a8,0xadf80000)
  to   space 62208K, 0% used [0xaf880000,0xaf880000,0xb3540000)
 ParOldGen       total 217856K, used 133897K [0x73540000, 0x80a00000, 0x9dfc0000)
  object space 217856K, 61% used [0x73540000,0x7b802650,0x80a00000)
 PSPermGen       total 16384K, used 3935K [0x6f540000, 0x70540000, 0x73540000)
  object space 16384K, 24% used [0x6f540000,0x6f917e40,0x70540000)
}
Event: 16.189 GC heap before
{Heap before GC invocations=19 (full 3):
 PSYoungGen      total 261888K, used 261876K [0x9dfc0000, 0xb3540000, 0xb3540000)
  eden space 208640K, 100% used [0x9dfc0000,0xaab80000,0xaab80000)
  from space 53248K, 99% used [0xaab80000,0xadf7d2a8,0xadf80000)
  to   space 62208K, 0% used [0xaf880000,0xaf880000,0xb3540000)
 ParOldGen       total 217856K, used 133897K [0x73540000, 0x80a00000, 0x9dfc0000)
  object space 217856K, 61% used [0x73540000,0x7b802650,0x80a00000)
 PSPermGen       total 16384K, used 3947K [0x6f540000, 0x70540000, 0x73540000)
  object space 16384K, 24% used [0x6f540000,0x6f91ad68,0x70540000)
Event: 16.358 GC heap after
Heap after GC invocations=19 (full 3):
 PSYoungGen      total 288512K, used 32660K [0x9dfc0000, 0xb3540000, 0xb3540000)
  eden space 226304K, 0% used [0x9dfc0000,0x9dfc0000,0xabcc0000)
  from space 62208K, 52% used [0xaf880000,0xb1865368,0xb3540000)
  to   space 61184K, 0% used [0xabcc0000,0xabcc0000,0xaf880000)
 ParOldGen       total 217856K, used 186262K [0x73540000, 0x80a00000, 0x9dfc0000)
  object space 217856K, 85% used [0x73540000,0x7eb25998,0x80a00000)
 PSPermGen       total 16384K, used 3947K [0x6f540000, 0x70540000, 0x73540000)
  object space 16384K, 24% used [0x6f540000,0x6f91ad68,0x70540000)
}
Event: 16.358 GC heap before
{Heap before GC invocations=20 (full 4):
 PSYoungGen      total 288512K, used 32660K [0x9dfc0000, 0xb3540000, 0xb3540000)
  eden space 226304K, 0% used [0x9dfc0000,0x9dfc0000,0xabcc0000)
  from space 62208K, 52% used [0xaf880000,0xb1865368,0xb3540000)
  to   space 61184K, 0% used [0xabcc0000,0xabcc0000,0xaf880000)
 ParOldGen       total 217856K, used 186262K [0x73540000, 0x80a00000, 0x9dfc0000)
  object space 217856K, 85% used [0x73540000,0x7eb25998,0x80a00000)
 PSPermGen       total 16384K, used 3947K [0x6f540000, 0x70540000, 0x73540000)
  object space 16384K, 24% used [0x6f540000,0x6f91ad68,0x70540000)

