# JRE version: Java(TM) SE Runtime Environment (7.0_51-b13) (build 1.7.0_51-b13)
# Java VM: Java HotSpot(TM) Server VM (24.51-b03 mixed mode linux-x86 )
Heap
 PSYoungGen      total 259584K, used 32084K [0x9df80000, 0xb3500000, 0xb3500000)
  eden space 222208K, 0% used [0x9df80000,0x9df80000,0xab880000)
  from space 37376K, 85% used [0xab880000,0xad7d5130,0xadd00000)
  to   space 64256K, 0% used [0xaf640000,0xaf640000,0xb3500000)
 ParOldGen       total 219648K, used 219455K [0x73500000, 0x80b80000, 0x9df80000)
  object space 219648K, 99% used [0x73500000,0x80b4fce0,0x80b80000)
 PSPermGen       total 16384K, used 3954K [0x6f500000, 0x70500000, 0x73500000)
  object space 16384K, 24% used [0x6f500000,0x6f8dcb28,0x70500000)
GC Heap History (10 events):
Event: 16.567 GC heap after
Heap after GC invocations=16 (full 2):
 PSYoungGen      total 241920K, used 38390K [0x9df80000, 0xb1e00000, 0xb3500000)
  eden space 203520K, 0% used [0x9df80000,0x9df80000,0xaa640000)
  from space 38400K, 99% used [0xad740000,0xafcbdb50,0xafcc0000)
  to   space 50176K, 0% used [0xaa640000,0xaa640000,0xad740000)
 ParOldGen       total 132864K, used 122234K [0x73500000, 0x7b6c0000, 0x9df80000)
  object space 132864K, 92% used [0x73500000,0x7ac5ebd0,0x7b6c0000)
 PSPermGen       total 16384K, used 3929K [0x6f500000, 0x70500000, 0x73500000)
  object space 16384K, 23% used [0x6f500000,0x6f8d6690,0x70500000)
}
Event: 16.567 GC heap before
{Heap before GC invocations=17 (full 3):
 PSYoungGen      total 241920K, used 38390K [0x9df80000, 0xb1e00000, 0xb3500000)
  eden space 203520K, 0% used [0x9df80000,0x9df80000,0xaa640000)
  from space 38400K, 99% used [0xad740000,0xafcbdb50,0xafcc0000)
  to   space 50176K, 0% used [0xaa640000,0xaa640000,0xad740000)
 ParOldGen       total 132864K, used 122234K [0x73500000, 0x7b6c0000, 0x9df80000)
  object space 132864K, 92% used [0x73500000,0x7ac5ebd0,0x7b6c0000)
 PSPermGen       total 16384K, used 3929K [0x6f500000, 0x70500000, 0x73500000)
  object space 16384K, 23% used [0x6f500000,0x6f8d6690,0x70500000)
Event: 17.480 GC heap after
Heap after GC invocations=17 (full 3):
 PSYoungGen      total 241920K, used 24174K [0x9df80000, 0xb1e00000, 0xb3500000)
  eden space 203520K, 0% used [0x9df80000,0x9df80000,0xaa640000)
  from space 38400K, 62% used [0xad740000,0xaeedb888,0xafcc0000)
  to   space 50176K, 0% used [0xaa640000,0xaa640000,0xad740000)
 ParOldGen       total 214528K, used 132666K [0x73500000, 0x80680000, 0x9df80000)
  object space 214528K, 61% used [0x73500000,0x7b68e920,0x80680000)
 PSPermGen       total 16384K, used 3929K [0x6f500000, 0x70500000, 0x73500000)
  object space 16384K, 23% used [0x6f500000,0x6f8d6590,0x70500000)
}
Event: 18.255 GC heap before
{Heap before GC invocations=18 (full 3):
 PSYoungGen      total 241920K, used 227694K [0x9df80000, 0xb1e00000, 0xb3500000)
  eden space 203520K, 100% used [0x9df80000,0xaa640000,0xaa640000)
  from space 38400K, 62% used [0xad740000,0xaeedb888,0xafcc0000)
  to   space 50176K, 0% used [0xaa640000,0xaa640000,0xad740000)
 ParOldGen       total 214528K, used 132666K [0x73500000, 0x80680000, 0x9df80000)
  object space 214528K, 61% used [0x73500000,0x7b68e920,0x80680000)
 PSPermGen       total 16384K, used 3936K [0x6f500000, 0x70500000, 0x73500000)
  object space 16384K, 24% used [0x6f500000,0x6f8d8178,0x70500000)
Event: 18.393 GC heap after
Heap after GC invocations=18 (full 3):
 PSYoungGen      total 253696K, used 32244K [0x9df80000, 0xb3500000, 0xb3500000)
  eden space 203520K, 0% used [0x9df80000,0x9df80000,0xaa640000)
  from space 50176K, 64% used [0xaa640000,0xac5bd3c0,0xad740000)
  to   space 51712K, 0% used [0xb0280000,0xb0280000,0xb3500000)
 ParOldGen       total 214528K, used 157161K [0x73500000, 0x80680000, 0x9df80000)
  object space 214528K, 73% used [0x73500000,0x7ce7a4d0,0x80680000)
 PSPermGen       total 16384K, used 3936K [0x6f500000, 0x70500000, 0x73500000)
  object space 16384K, 24% used [0x6f500000,0x6f8d8178,0x70500000)
}
Event: 19.111 GC heap before
{Heap before GC invocations=19 (full 3):
 PSYoungGen      total 253696K, used 235764K [0x9df80000, 0xb3500000, 0xb3500000)
  eden space 203520K, 100% used [0x9df80000,0xaa640000,0xaa640000)
  from space 50176K, 64% used [0xaa640000,0xac5bd3c0,0xad740000)
  to   space 51712K, 0% used [0xb0280000,0xb0280000,0xb3500000)
 ParOldGen       total 214528K, used 157161K [0x73500000, 0x80680000, 0x9df80000)
  object space 214528K, 73% used [0x73500000,0x7ce7a4d0,0x80680000)
 PSPermGen       total 16384K, used 3945K [0x6f500000, 0x70500000, 0x73500000)
  object space 16384K, 24% used [0x6f500000,0x6f8da748,0x70500000)
Event: 19.280 GC heap after
Heap after GC invocations=19 (full 3):
 PSYoungGen      total 273920K, used 51703K [0x9df80000, 0xb3500000, 0xb3500000)
  eden space 222208K, 0% used [0x9df80000,0x9df80000,0xab880000)
  from space 51712K, 99% used [0xb0280000,0xb34fde68,0xb3500000)
  to   space 63744K, 0% used [0xab880000,0xab880000,0xaf6c0000)
 ParOldGen       total 214528K, used 167579K [0x73500000, 0x80680000, 0x9df80000)
  object space 214528K, 78% used [0x73500000,0x7d8a6db8,0x80680000)
 PSPermGen       total 16384K, used 3945K [0x6f500000, 0x70500000, 0x73500000)
  object space 16384K, 24% used [0x6f500000,0x6f8da748,0x70500000)
}
Event: 20.449 GC heap before
{Heap before GC invocations=20 (full 3):
 PSYoungGen      total 273920K, used 273911K [0x9df80000, 0xb3500000, 0xb3500000)
  eden space 222208K, 100% used [0x9df80000,0xab880000,0xab880000)
  from space 51712K, 99% used [0xb0280000,0xb34fde68,0xb3500000)
  to   space 63744K, 0% used [0xab880000,0xab880000,0xaf6c0000)
 ParOldGen       total 214528K, used 167579K [0x73500000, 0x80680000, 0x9df80000)
  object space 214528K, 78% used [0x73500000,0x7d8a6db8,0x80680000)
 PSPermGen       total 16384K, used 3954K [0x6f500000, 0x70500000, 0x73500000)
  object space 16384K, 24% used [0x6f500000,0x6f8dcb78,0x70500000)
Event: 20.613 GC heap after
Heap after GC invocations=20 (full 3):
 PSYoungGen      total 259584K, used 37284K [0x9df80000, 0xb3500000, 0xb3500000)
  eden space 222208K, 0% used [0x9df80000,0x9df80000,0xab880000)
  from space 37376K, 99% used [0xab880000,0xadce9210,0xadd00000)
  to   space 64256K, 0% used [0xaf640000,0xaf640000,0xb3500000)
 ParOldGen       total 219648K, used 219636K [0x73500000, 0x80b80000, 0x9df80000)
  object space 219648K, 99% used [0x73500000,0x80b7d308,0x80b80000)
 PSPermGen       total 16384K, used 3954K [0x6f500000, 0x70500000, 0x73500000)
  object space 16384K, 24% used [0x6f500000,0x6f8dcb78,0x70500000)
}
Event: 20.613 GC heap before
{Heap before GC invocations=21 (full 4):
 PSYoungGen      total 259584K, used 37284K [0x9df80000, 0xb3500000, 0xb3500000)
  eden space 222208K, 0% used [0x9df80000,0x9df80000,0xab880000)
  from space 37376K, 99% used [0xab880000,0xadce9210,0xadd00000)
  to   space 64256K, 0% used [0xaf640000,0xaf640000,0xb3500000)
 ParOldGen       total 219648K, used 219636K [0x73500000, 0x80b80000, 0x9df80000)
  object space 219648K, 99% used [0x73500000,0x80b7d308,0x80b80000)
 PSPermGen       total 16384K, used 3954K [0x6f500000, 0x70500000, 0x73500000)
  object space 16384K, 24% used [0x6f500000,0x6f8dcb78,0x70500000)

