# JRE version: Java(TM) SE Runtime Environment (7.0_51-b13) (build 1.7.0_51-b13)
# Java VM: Java HotSpot(TM) Server VM (24.51-b03 mixed mode linux-x86 )
Heap
 PSYoungGen      total 291584K, used 7974K [0x9df80000, 0xb3500000, 0xb3500000)
  eden space 235008K, 0% used [0x9df80000,0x9df80000,0xac500000)
  from space 56576K, 14% used [0xafdc0000,0xb0589b30,0xb3500000)
  to   space 57344K, 0% used [0xac500000,0xac500000,0xafd00000)
 ParOldGen       total 213760K, used 213566K [0x73500000, 0x805c0000, 0x9df80000)
  object space 213760K, 99% used [0x73500000,0x8058f8f8,0x805c0000)
 PSPermGen       total 16384K, used 3954K [0x6f500000, 0x70500000, 0x73500000)
  object space 16384K, 24% used [0x6f500000,0x6f8dc830,0x70500000)
GC Heap History (10 events):
Event: 15.285 GC heap after
Heap after GC invocations=15 (full 2):
 PSYoungGen      total 212480K, used 31989K [0x9df80000, 0xb0880000, 0xb3500000)
  eden space 180480K, 0% used [0x9df80000,0x9df80000,0xa8fc0000)
  from space 32000K, 99% used [0xa8fc0000,0xaaefd710,0xaaf00000)
  to   space 42240K, 0% used [0xadf40000,0xadf40000,0xb0880000)
 ParOldGen       total 129024K, used 99929K [0x73500000, 0x7b300000, 0x9df80000)
  object space 129024K, 77% used [0x73500000,0x796965b0,0x7b300000)
 PSPermGen       total 16384K, used 3926K [0x6f500000, 0x70500000, 0x73500000)
  object space 16384K, 23% used [0x6f500000,0x6f8d5aa8,0x70500000)
}
Event: 16.185 GC heap before
{Heap before GC invocations=16 (full 2):
 PSYoungGen      total 212480K, used 212469K [0x9df80000, 0xb0880000, 0xb3500000)
  eden space 180480K, 100% used [0x9df80000,0xa8fc0000,0xa8fc0000)
  from space 32000K, 99% used [0xa8fc0000,0xaaefd710,0xaaf00000)
  to   space 42240K, 0% used [0xadf40000,0xadf40000,0xb0880000)
 ParOldGen       total 129024K, used 99929K [0x73500000, 0x7b300000, 0x9df80000)
  object space 129024K, 77% used [0x73500000,0x796965b0,0x7b300000)
 PSPermGen       total 16384K, used 3938K [0x6f500000, 0x70500000, 0x73500000)
  object space 16384K, 24% used [0x6f500000,0x6f8d88b0,0x70500000)
Event: 16.301 GC heap after
Heap after GC invocations=16 (full 2):
 PSYoungGen      total 259840K, used 29684K [0x9df80000, 0xb13c0000, 0xb3500000)
  eden space 217600K, 0% used [0x9df80000,0x9df80000,0xab400000)
  from space 42240K, 70% used [0xadf40000,0xafc3d310,0xb0880000)
  to   space 44288K, 0% used [0xab400000,0xab400000,0xadf40000)
 ParOldGen       total 132096K, used 131814K [0x73500000, 0x7b600000, 0x9df80000)
  object space 132096K, 99% used [0x73500000,0x7b5b9b08,0x7b600000)
 PSPermGen       total 16384K, used 3938K [0x6f500000, 0x70500000, 0x73500000)
  object space 16384K, 24% used [0x6f500000,0x6f8d88b0,0x70500000)
}
Event: 16.301 GC heap before
{Heap before GC invocations=17 (full 3):
 PSYoungGen      total 259840K, used 29684K [0x9df80000, 0xb13c0000, 0xb3500000)
  eden space 217600K, 0% used [0x9df80000,0x9df80000,0xab400000)
  from space 42240K, 70% used [0xadf40000,0xafc3d310,0xb0880000)
  to   space 44288K, 0% used [0xab400000,0xab400000,0xadf40000)
 ParOldGen       total 132096K, used 131814K [0x73500000, 0x7b600000, 0x9df80000)
  object space 132096K, 99% used [0x73500000,0x7b5b9b08,0x7b600000)
 PSPermGen       total 16384K, used 3938K [0x6f500000, 0x70500000, 0x73500000)
  object space 16384K, 24% used [0x6f500000,0x6f8d88b0,0x70500000)
Event: 17.064 GC heap after
Heap after GC invocations=17 (full 3):
 PSYoungGen      total 259840K, used 25318K [0x9df80000, 0xb13c0000, 0xb3500000)
  eden space 217600K, 0% used [0x9df80000,0x9df80000,0xab400000)
  from space 42240K, 59% used [0xadf40000,0xaf7f98a0,0xb0880000)
  to   space 44288K, 0% used [0xab400000,0xab400000,0xadf40000)
 ParOldGen       total 213760K, used 132056K [0x73500000, 0x805c0000, 0x9df80000)
  object space 213760K, 61% used [0x73500000,0x7b5f61d8,0x805c0000)
 PSPermGen       total 16384K, used 3937K [0x6f500000, 0x70500000, 0x73500000)
  object space 16384K, 24% used [0x6f500000,0x6f8d8760,0x70500000)
}
Event: 17.797 GC heap before
{Heap before GC invocations=18 (full 3):
 PSYoungGen      total 259840K, used 242918K [0x9df80000, 0xb13c0000, 0xb3500000)
  eden space 217600K, 100% used [0x9df80000,0xab400000,0xab400000)
  from space 42240K, 59% used [0xadf40000,0xaf7f98a0,0xb0880000)
  to   space 44288K, 0% used [0xab400000,0xab400000,0xadf40000)
 ParOldGen       total 213760K, used 132056K [0x73500000, 0x805c0000, 0x9df80000)
  object space 213760K, 61% used [0x73500000,0x7b5f61d8,0x805c0000)
 PSPermGen       total 16384K, used 3942K [0x6f500000, 0x70500000, 0x73500000)
  object space 16384K, 24% used [0x6f500000,0x6f8d99a0,0x70500000)
Event: 18.429 GC heap after
Heap after GC invocations=18 (full 3):
 PSYoungGen      total 261888K, used 44273K [0x9df80000, 0xb3500000, 0xb3500000)
  eden space 217600K, 0% used [0x9df80000,0x9df80000,0xab400000)
  from space 44288K, 99% used [0xab400000,0xadf3c758,0xadf40000)
  to   space 56576K, 0% used [0xafdc0000,0xafdc0000,0xb3500000)
 ParOldGen       total 213760K, used 146149K [0x73500000, 0x805c0000, 0x9df80000)
  object space 213760K, 68% used [0x73500000,0x7c3b9408,0x805c0000)
 PSPermGen       total 16384K, used 3942K [0x6f500000, 0x70500000, 0x73500000)
  object space 16384K, 24% used [0x6f500000,0x6f8d99a0,0x70500000)
}
Event: 19.374 GC heap before
{Heap before GC invocations=19 (full 3):
 PSYoungGen      total 261888K, used 261873K [0x9df80000, 0xb3500000, 0xb3500000)
  eden space 217600K, 100% used [0x9df80000,0xab400000,0xab400000)
  from space 44288K, 99% used [0xab400000,0xadf3c758,0xadf40000)
  to   space 56576K, 0% used [0xafdc0000,0xafdc0000,0xb3500000)
 ParOldGen       total 213760K, used 146149K [0x73500000, 0x805c0000, 0x9df80000)
  object space 213760K, 68% used [0x73500000,0x7c3b9408,0x805c0000)
 PSPermGen       total 16384K, used 3954K [0x6f500000, 0x70500000, 0x73500000)
  object space 16384K, 24% used [0x6f500000,0x6f8dc890,0x70500000)
Event: 21.936 GC heap after
Heap after GC invocations=19 (full 3):
 PSYoungGen      total 291584K, used 33742K [0x9df80000, 0xb3500000, 0xb3500000)
  eden space 235008K, 0% used [0x9df80000,0x9df80000,0xac500000)
  from space 56576K, 59% used [0xafdc0000,0xb1eb3938,0xb3500000)
  to   space 57344K, 0% used [0xac500000,0xac500000,0xafd00000)
 ParOldGen       total 213760K, used 190500K [0x73500000, 0x805c0000, 0x9df80000)
  object space 213760K, 89% used [0x73500000,0x7ef09258,0x805c0000)
 PSPermGen       total 16384K, used 3954K [0x6f500000, 0x70500000, 0x73500000)
  object space 16384K, 24% used [0x6f500000,0x6f8dc890,0x70500000)
}
Event: 21.937 GC heap before
{Heap before GC invocations=20 (full 4):
 PSYoungGen      total 291584K, used 33742K [0x9df80000, 0xb3500000, 0xb3500000)
  eden space 235008K, 0% used [0x9df80000,0x9df80000,0xac500000)
  from space 56576K, 59% used [0xafdc0000,0xb1eb3938,0xb3500000)
  to   space 57344K, 0% used [0xac500000,0xac500000,0xafd00000)
 ParOldGen       total 213760K, used 190500K [0x73500000, 0x805c0000, 0x9df80000)
  object space 213760K, 89% used [0x73500000,0x7ef09258,0x805c0000)
 PSPermGen       total 16384K, used 3954K [0x6f500000, 0x70500000, 0x73500000)
  object space 16384K, 24% used [0x6f500000,0x6f8dc890,0x70500000)

