# JRE version: Java(TM) SE Runtime Environment (7.0_51-b13) (build 1.7.0_51-b13)
# Java VM: Java HotSpot(TM) Server VM (24.51-b03 mixed mode linux-x86 )
Heap
 PSYoungGen      total 273664K, used 0K [0x9df80000, 0xb3500000, 0xb3500000)
  eden space 197632K, 0% used [0x9df80000,0x9df80000,0xaa080000)
  from space 76032K, 0% used [0xaa080000,0xaa080000,0xaeac0000)
  to   space 72704K, 0% used [0xaee00000,0xaee00000,0xb3500000)
 ParOldGen       total 334848K, used 321001K [0x73500000, 0x87c00000, 0x9df80000)
  object space 334848K, 95% used [0x73500000,0x86e7a470,0x87c00000)
 PSPermGen       total 16384K, used 3995K [0x6f500000, 0x70500000, 0x73500000)
  object space 16384K, 24% used [0x6f500000,0x6f8e6c98,0x70500000)
GC Heap History (10 events):
Event: 16.318 GC heap after
Heap after GC invocations=19 (full 3):
 PSYoungGen      total 288256K, used 32549K [0x9df80000, 0xb3500000, 0xb3500000)
  eden space 225792K, 0% used [0x9df80000,0x9df80000,0xabc00000)
  from space 62464K, 52% used [0xaf800000,0xb17c94c8,0xb3500000)
  to   space 61440K, 0% used [0xabc00000,0xabc00000,0xaf800000)
 ParOldGen       total 220672K, used 189154K [0x73500000, 0x80c80000, 0x9df80000)
  object space 220672K, 85% used [0x73500000,0x7edb88b8,0x80c80000)
 PSPermGen       total 16384K, used 3947K [0x6f500000, 0x70500000, 0x73500000)
  object space 16384K, 24% used [0x6f500000,0x6f8daf38,0x70500000)
}
Event: 16.318 GC heap before
{Heap before GC invocations=20 (full 4):
 PSYoungGen      total 288256K, used 32549K [0x9df80000, 0xb3500000, 0xb3500000)
  eden space 225792K, 0% used [0x9df80000,0x9df80000,0xabc00000)
  from space 62464K, 52% used [0xaf800000,0xb17c94c8,0xb3500000)
  to   space 61440K, 0% used [0xabc00000,0xabc00000,0xaf800000)
 ParOldGen       total 220672K, used 189154K [0x73500000, 0x80c80000, 0x9df80000)
  object space 220672K, 85% used [0x73500000,0x7edb88b8,0x80c80000)
 PSPermGen       total 16384K, used 3947K [0x6f500000, 0x70500000, 0x73500000)
  object space 16384K, 24% used [0x6f500000,0x6f8daf38,0x70500000)
Event: 17.152 GC heap after
Heap after GC invocations=20 (full 4):
 PSYoungGen      total 288256K, used 0K [0x9df80000, 0xb3500000, 0xb3500000)
  eden space 225792K, 0% used [0x9df80000,0x9df80000,0xabc00000)
  from space 62464K, 0% used [0xaf800000,0xaf800000,0xb3500000)
  to   space 61440K, 0% used [0xabc00000,0xabc00000,0xaf800000)
 ParOldGen       total 334848K, used 219170K [0x73500000, 0x87c00000, 0x9df80000)
  object space 334848K, 65% used [0x73500000,0x80b089c8,0x87c00000)
 PSPermGen       total 16384K, used 3947K [0x6f500000, 0x70500000, 0x73500000)
  object space 16384K, 24% used [0x6f500000,0x6f8daee8,0x70500000)
}
Event: 17.784 GC heap before
{Heap before GC invocations=21 (full 4):
 PSYoungGen      total 288256K, used 225792K [0x9df80000, 0xb3500000, 0xb3500000)
  eden space 225792K, 100% used [0x9df80000,0xabc00000,0xabc00000)
  from space 62464K, 0% used [0xaf800000,0xaf800000,0xb3500000)
  to   space 61440K, 0% used [0xabc00000,0xabc00000,0xaf800000)
 ParOldGen       total 334848K, used 219170K [0x73500000, 0x87c00000, 0x9df80000)
  object space 334848K, 65% used [0x73500000,0x80b089c8,0x87c00000)
 PSPermGen       total 16384K, used 3955K [0x6f500000, 0x70500000, 0x73500000)
  object space 16384K, 24% used [0x6f500000,0x6f8dcd20,0x70500000)
Event: 17.838 GC heap after
Heap after GC invocations=21 (full 4):
 PSYoungGen      total 287232K, used 37743K [0x9df80000, 0xb3500000, 0xb3500000)
  eden space 225792K, 0% used [0x9df80000,0x9df80000,0xabc00000)
  from space 61440K, 61% used [0xabc00000,0xae0dbe78,0xaf800000)
  to   space 62464K, 0% used [0xaf800000,0xaf800000,0xb3500000)
 ParOldGen       total 334848K, used 219170K [0x73500000, 0x87c00000, 0x9df80000)
  object space 334848K, 65% used [0x73500000,0x80b089c8,0x87c00000)
 PSPermGen       total 16384K, used 3955K [0x6f500000, 0x70500000, 0x73500000)
  object space 16384K, 24% used [0x6f500000,0x6f8dcd20,0x70500000)
}
Event: 18.333 GC heap before
{Heap before GC invocations=22 (full 4):
 PSYoungGen      total 287232K, used 263535K [0x9df80000, 0xb3500000, 0xb3500000)
  eden space 225792K, 100% used [0x9df80000,0xabc00000,0xabc00000)
  from space 61440K, 61% used [0xabc00000,0xae0dbe78,0xaf800000)
  to   space 62464K, 0% used [0xaf800000,0xaf800000,0xb3500000)
 ParOldGen       total 334848K, used 219170K [0x73500000, 0x87c00000, 0x9df80000)
  object space 334848K, 65% used [0x73500000,0x80b089c8,0x87c00000)
 PSPermGen       total 16384K, used 3965K [0x6f500000, 0x70500000, 0x73500000)
  object space 16384K, 24% used [0x6f500000,0x6f8df750,0x70500000)
Event: 18.435 GC heap after
Heap after GC invocations=22 (full 4):
 PSYoungGen      total 260096K, used 62453K [0x9df80000, 0xb3500000, 0xb3500000)
  eden space 197632K, 0% used [0x9df80000,0x9df80000,0xaa080000)
  from space 62464K, 99% used [0xaf800000,0xb34fd718,0xb3500000)
  to   space 76032K, 0% used [0xaa080000,0xaa080000,0xaeac0000)
 ParOldGen       total 334848K, used 229698K [0x73500000, 0x87c00000, 0x9df80000)
  object space 334848K, 68% used [0x73500000,0x815508f8,0x87c00000)
 PSPermGen       total 16384K, used 3965K [0x6f500000, 0x70500000, 0x73500000)
  object space 16384K, 24% used [0x6f500000,0x6f8df750,0x70500000)
}
Event: 19.093 GC heap before
{Heap before GC invocations=23 (full 4):
 PSYoungGen      total 260096K, used 260085K [0x9df80000, 0xb3500000, 0xb3500000)
  eden space 197632K, 100% used [0x9df80000,0xaa080000,0xaa080000)
  from space 62464K, 99% used [0xaf800000,0xb34fd718,0xb3500000)
  to   space 76032K, 0% used [0xaa080000,0xaa080000,0xaeac0000)
 ParOldGen       total 334848K, used 229698K [0x73500000, 0x87c00000, 0x9df80000)
  object space 334848K, 68% used [0x73500000,0x815508f8,0x87c00000)
 PSPermGen       total 16384K, used 3995K [0x6f500000, 0x70500000, 0x73500000)
  object space 16384K, 24% used [0x6f500000,0x6f8e6ce8,0x70500000)
Event: 19.266 GC heap after
Heap after GC invocations=23 (full 4):
 PSYoungGen      total 273664K, used 34422K [0x9df80000, 0xb3500000, 0xb3500000)
  eden space 197632K, 0% used [0x9df80000,0x9df80000,0xaa080000)
  from space 76032K, 45% used [0xaa080000,0xac21db50,0xaeac0000)
  to   space 72704K, 0% used [0xaee00000,0xaee00000,0xb3500000)
 ParOldGen       total 334848K, used 292411K [0x73500000, 0x87c00000, 0x9df80000)
  object space 334848K, 87% used [0x73500000,0x8528ef30,0x87c00000)
 PSPermGen       total 16384K, used 3995K [0x6f500000, 0x70500000, 0x73500000)
  object space 16384K, 24% used [0x6f500000,0x6f8e6ce8,0x70500000)
}
Event: 19.266 GC heap before
{Heap before GC invocations=24 (full 5):
 PSYoungGen      total 273664K, used 34422K [0x9df80000, 0xb3500000, 0xb3500000)
  eden space 197632K, 0% used [0x9df80000,0x9df80000,0xaa080000)
  from space 76032K, 45% used [0xaa080000,0xac21db50,0xaeac0000)
  to   space 72704K, 0% used [0xaee00000,0xaee00000,0xb3500000)
 ParOldGen       total 334848K, used 292411K [0x73500000, 0x87c00000, 0x9df80000)
  object space 334848K, 87% used [0x73500000,0x8528ef30,0x87c00000)
 PSPermGen       total 16384K, used 3995K [0x6f500000, 0x70500000, 0x73500000)
  object space 16384K, 24% used [0x6f500000,0x6f8e6ce8,0x70500000)

