# JRE version: Java(TM) SE Runtime Environment (7.0_51-b13) (build 1.7.0_51-b13)
# Java VM: Java HotSpot(TM) Server VM (24.51-b03 mixed mode linux-x86 )
Heap
 PSYoungGen      total 230912K, used 54954K [0x9df80000, 0xb3500000, 0xb3500000)
  eden space 152064K, 0% used [0x9df80000,0x9df80000,0xa7400000)
  from space 78848K, 69% used [0xae800000,0xb1daa820,0xb3500000)
  to   space 98816K, 0% used [0xa7400000,0xa7400000,0xad480000)
 ParOldGen       total 234752K, used 234625K [0x73500000, 0x81a40000, 0x9df80000)
  object space 234752K, 99% used [0x73500000,0x81a20458,0x81a40000)
 PSPermGen       total 16384K, used 3971K [0x6f500000, 0x70500000, 0x73500000)
  object space 16384K, 24% used [0x6f500000,0x6f8e0ed8,0x70500000)
GC Heap History (10 events):
Event: 18.205 GC heap after
Heap after GC invocations=15 (full 3):
 PSYoungGen      total 260608K, used 33211K [0x9df80000, 0xb3500000, 0xb3500000)
  eden space 202240K, 0% used [0x9df80000,0x9df80000,0xaa500000)
  from space 58368K, 56% used [0xafc00000,0xb1c6ec20,0xb3500000)
  to   space 73728K, 0% used [0xaa500000,0xaa500000,0xaed00000)
 ParOldGen       total 218112K, used 137034K [0x73500000, 0x80a00000, 0x9df80000)
  object space 218112K, 62% used [0x73500000,0x7bad2900,0x80a00000)
 PSPermGen       total 16384K, used 3938K [0x6f500000, 0x70500000, 0x73500000)
  object space 16384K, 24% used [0x6f500000,0x6f8d8a40,0x70500000)
}
Event: 19.000 GC heap before
{Heap before GC invocations=16 (full 3):
 PSYoungGen      total 260608K, used 235451K [0x9df80000, 0xb3500000, 0xb3500000)
  eden space 202240K, 100% used [0x9df80000,0xaa500000,0xaa500000)
  from space 58368K, 56% used [0xafc00000,0xb1c6ec20,0xb3500000)
  to   space 73728K, 0% used [0xaa500000,0xaa500000,0xaed00000)
 ParOldGen       total 218112K, used 137034K [0x73500000, 0x80a00000, 0x9df80000)
  object space 218112K, 62% used [0x73500000,0x7bad2900,0x80a00000)
 PSPermGen       total 16384K, used 3942K [0x6f500000, 0x70500000, 0x73500000)
  object space 16384K, 24% used [0x6f500000,0x6f8d9958,0x70500000)
Event: 19.154 GC heap after
Heap after GC invocations=16 (full 3):
 PSYoungGen      total 275968K, used 31741K [0x9df80000, 0xb3500000, 0xb3500000)
  eden space 202240K, 0% used [0x9df80000,0x9df80000,0xaa500000)
  from space 73728K, 43% used [0xaa500000,0xac3ff648,0xaed00000)
  to   space 70656K, 0% used [0xaf000000,0xaf000000,0xb3500000)
 ParOldGen       total 218112K, used 169969K [0x73500000, 0x80a00000, 0x9df80000)
  object space 218112K, 77% used [0x73500000,0x7dafc558,0x80a00000)
 PSPermGen       total 16384K, used 3942K [0x6f500000, 0x70500000, 0x73500000)
  object space 16384K, 24% used [0x6f500000,0x6f8d9958,0x70500000)
}
Event: 19.954 GC heap before
{Heap before GC invocations=17 (full 3):
 PSYoungGen      total 275968K, used 233981K [0x9df80000, 0xb3500000, 0xb3500000)
  eden space 202240K, 100% used [0x9df80000,0xaa500000,0xaa500000)
  from space 73728K, 43% used [0xaa500000,0xac3ff648,0xaed00000)
  to   space 70656K, 0% used [0xaf000000,0xaf000000,0xb3500000)
 ParOldGen       total 218112K, used 169969K [0x73500000, 0x80a00000, 0x9df80000)
  object space 218112K, 77% used [0x73500000,0x7dafc558,0x80a00000)
 PSPermGen       total 16384K, used 3954K [0x6f500000, 0x70500000, 0x73500000)
  object space 16384K, 24% used [0x6f500000,0x6f8dcb48,0x70500000)
Event: 20.049 GC heap after
Heap after GC invocations=17 (full 3):
 PSYoungGen      total 262656K, used 61087K [0x9df80000, 0xb3500000, 0xb3500000)
  eden space 192000K, 0% used [0x9df80000,0x9df80000,0xa9b00000)
  from space 70656K, 86% used [0xaf000000,0xb2ba7cf0,0xb3500000)
  to   space 78848K, 0% used [0xa9b00000,0xa9b00000,0xae800000)
 ParOldGen       total 218112K, used 169969K [0x73500000, 0x80a00000, 0x9df80000)
  object space 218112K, 77% used [0x73500000,0x7dafc558,0x80a00000)
 PSPermGen       total 16384K, used 3954K [0x6f500000, 0x70500000, 0x73500000)
  object space 16384K, 24% used [0x6f500000,0x6f8dcb48,0x70500000)
}
Event: 20.789 GC heap before
{Heap before GC invocations=18 (full 3):
 PSYoungGen      total 262656K, used 253087K [0x9df80000, 0xb3500000, 0xb3500000)
  eden space 192000K, 100% used [0x9df80000,0xa9b00000,0xa9b00000)
  from space 70656K, 86% used [0xaf000000,0xb2ba7cf0,0xb3500000)
  to   space 78848K, 0% used [0xa9b00000,0xa9b00000,0xae800000)
 ParOldGen       total 218112K, used 169969K [0x73500000, 0x80a00000, 0x9df80000)
  object space 218112K, 77% used [0x73500000,0x7dafc558,0x80a00000)
 PSPermGen       total 16384K, used 3961K [0x6f500000, 0x70500000, 0x73500000)
  object space 16384K, 24% used [0x6f500000,0x6f8de540,0x70500000)
Event: 20.910 GC heap after
Heap after GC invocations=18 (full 3):
 PSYoungGen      total 270848K, used 78836K [0x9df80000, 0xb3500000, 0xb3500000)
  eden space 192000K, 0% used [0x9df80000,0x9df80000,0xa9b00000)
  from space 78848K, 99% used [0xa9b00000,0xae7fd3a0,0xae800000)
  to   space 78848K, 0% used [0xae800000,0xae800000,0xb3500000)
 ParOldGen       total 218112K, used 183113K [0x73500000, 0x80a00000, 0x9df80000)
  object space 218112K, 83% used [0x73500000,0x7e7d2600,0x80a00000)
 PSPermGen       total 16384K, used 3961K [0x6f500000, 0x70500000, 0x73500000)
  object space 16384K, 24% used [0x6f500000,0x6f8de540,0x70500000)
}
Event: 21.486 GC heap before
{Heap before GC invocations=19 (full 3):
 PSYoungGen      total 270848K, used 270836K [0x9df80000, 0xb3500000, 0xb3500000)
  eden space 192000K, 100% used [0x9df80000,0xa9b00000,0xa9b00000)
  from space 78848K, 99% used [0xa9b00000,0xae7fd3a0,0xae800000)
  to   space 78848K, 0% used [0xae800000,0xae800000,0xb3500000)
 ParOldGen       total 218112K, used 183113K [0x73500000, 0x80a00000, 0x9df80000)
  object space 218112K, 83% used [0x73500000,0x7e7d2600,0x80a00000)
 PSPermGen       total 16384K, used 3971K [0x6f500000, 0x70500000, 0x73500000)
  object space 16384K, 24% used [0x6f500000,0x6f8e0f18,0x70500000)
Event: 22.076 GC heap after
Heap after GC invocations=19 (full 3):
 PSYoungGen      total 230912K, used 59329K [0x9df80000, 0xb3500000, 0xb3500000)
  eden space 152064K, 0% used [0x9df80000,0x9df80000,0xa7400000)
  from space 78848K, 75% used [0xae800000,0xb21f04d0,0xb3500000)
  to   space 98816K, 0% used [0xa7400000,0xa7400000,0xad480000)
 ParOldGen       total 234752K, used 234601K [0x73500000, 0x81a40000, 0x9df80000)
  object space 234752K, 99% used [0x73500000,0x81a1a7b0,0x81a40000)
 PSPermGen       total 16384K, used 3971K [0x6f500000, 0x70500000, 0x73500000)
  object space 16384K, 24% used [0x6f500000,0x6f8e0f18,0x70500000)
}
Event: 22.230 GC heap before
{Heap before GC invocations=20 (full 4):
 PSYoungGen      total 230912K, used 59329K [0x9df80000, 0xb3500000, 0xb3500000)
  eden space 152064K, 0% used [0x9df80000,0x9df80000,0xa7400000)
  from space 78848K, 75% used [0xae800000,0xb21f04d0,0xb3500000)
  to   space 98816K, 0% used [0xa7400000,0xa7400000,0xad480000)
 ParOldGen       total 234752K, used 234601K [0x73500000, 0x81a40000, 0x9df80000)
  object space 234752K, 99% used [0x73500000,0x81a1a7b0,0x81a40000)
 PSPermGen       total 16384K, used 3971K [0x6f500000, 0x70500000, 0x73500000)
  object space 16384K, 24% used [0x6f500000,0x6f8e0f18,0x70500000)

