# JRE version: Java(TM) SE Runtime Environment (7.0_51-b13) (build 1.7.0_51-b13)
# Java VM: Java HotSpot(TM) Server VM (24.51-b03 mixed mode linux-x86 )
Heap
 PSYoungGen      total 233216K, used 21600K [0x9df80000, 0xb3500000, 0xb3500000)
  eden space 116736K, 0% used [0x9df80000,0x9df80000,0xa5180000)
  from space 116480K, 18% used [0xac340000,0xad858148,0xb3500000)
  to   space 116480K, 0% used [0xa5180000,0xa5180000,0xac340000)
 ParOldGen       total 585728K, used 585642K [0x73500000, 0x97100000, 0x9df80000)
  object space 585728K, 99% used [0x73500000,0x970ea9d0,0x97100000)
 PSPermGen       total 16384K, used 4014K [0x6f500000, 0x70500000, 0x73500000)
  object space 16384K, 24% used [0x6f500000,0x6f8eb888,0x70500000)
GC Heap History (10 events):
Event: 41.952 GC heap after
Heap after GC invocations=45 (full 8):
 PSYoungGen      total 241920K, used 63131K [0x9df80000, 0xb33c0000, 0xb3500000)
  eden space 147456K, 0% used [0x9df80000,0x9df80000,0xa6f80000)
  from space 94464K, 66% used [0xad000000,0xb0da6e10,0xb2c40000)
  to   space 98816K, 0% used [0xa6f80000,0xa6f80000,0xad000000)
 ParOldGen       total 585728K, used 472057K [0x73500000, 0x97100000, 0x9df80000)
  object space 585728K, 80% used [0x73500000,0x901fe748,0x97100000)
 PSPermGen       total 16384K, used 4012K [0x6f500000, 0x70500000, 0x73500000)
  object space 16384K, 24% used [0x6f500000,0x6f8eb2b0,0x70500000)
}
Event: 42.434 GC heap before
{Heap before GC invocations=46 (full 8):
 PSYoungGen      total 241920K, used 210587K [0x9df80000, 0xb33c0000, 0xb3500000)
  eden space 147456K, 100% used [0x9df80000,0xa6f80000,0xa6f80000)
  from space 94464K, 66% used [0xad000000,0xb0da6e10,0xb2c40000)
  to   space 98816K, 0% used [0xa6f80000,0xa6f80000,0xad000000)
 ParOldGen       total 585728K, used 472057K [0x73500000, 0x97100000, 0x9df80000)
  object space 585728K, 80% used [0x73500000,0x901fe748,0x97100000)
 PSPermGen       total 16384K, used 4012K [0x6f500000, 0x70500000, 0x73500000)
  object space 16384K, 24% used [0x6f500000,0x6f8eb328,0x70500000)
Event: 42.559 GC heap after
Heap after GC invocations=46 (full 8):
 PSYoungGen      total 230912K, used 83202K [0x9df80000, 0xb3500000, 0xb3500000)
  eden space 147456K, 0% used [0x9df80000,0x9df80000,0xa6f80000)
  from space 83456K, 99% used [0xa6f80000,0xac0c0888,0xac100000)
  to   space 109568K, 0% used [0xaca00000,0xaca00000,0xb3500000)
 ParOldGen       total 585728K, used 472057K [0x73500000, 0x97100000, 0x9df80000)
  object space 585728K, 80% used [0x73500000,0x901fe748,0x97100000)
 PSPermGen       total 16384K, used 4012K [0x6f500000, 0x70500000, 0x73500000)
  object space 16384K, 24% used [0x6f500000,0x6f8eb328,0x70500000)
}
Event: 43.246 GC heap before
{Heap before GC invocations=47 (full 8):
 PSYoungGen      total 230912K, used 230658K [0x9df80000, 0xb3500000, 0xb3500000)
  eden space 147456K, 100% used [0x9df80000,0xa6f80000,0xa6f80000)
  from space 83456K, 99% used [0xa6f80000,0xac0c0888,0xac100000)
  to   space 109568K, 0% used [0xaca00000,0xaca00000,0xb3500000)
 ParOldGen       total 585728K, used 472057K [0x73500000, 0x97100000, 0x9df80000)
  object space 585728K, 80% used [0x73500000,0x901fe748,0x97100000)
 PSPermGen       total 16384K, used 4013K [0x6f500000, 0x70500000, 0x73500000)
  object space 16384K, 24% used [0x6f500000,0x6f8eb4f8,0x70500000)
Event: 43.388 GC heap after
Heap after GC invocations=47 (full 8):
 PSYoungGen      total 226304K, used 105226K [0x9df80000, 0xb3500000, 0xb3500000)
  eden space 116736K, 0% used [0x9df80000,0x9df80000,0xa5180000)
  from space 109568K, 96% used [0xaca00000,0xb30c2b60,0xb3500000)
  to   space 116480K, 0% used [0xa5180000,0xa5180000,0xac340000)
 ParOldGen       total 585728K, used 472057K [0x73500000, 0x97100000, 0x9df80000)
  object space 585728K, 80% used [0x73500000,0x901fe748,0x97100000)
 PSPermGen       total 16384K, used 4013K [0x6f500000, 0x70500000, 0x73500000)
  object space 16384K, 24% used [0x6f500000,0x6f8eb4f8,0x70500000)
}
Event: 43.748 GC heap before
{Heap before GC invocations=48 (full 8):
 PSYoungGen      total 226304K, used 221962K [0x9df80000, 0xb3500000, 0xb3500000)
  eden space 116736K, 100% used [0x9df80000,0xa5180000,0xa5180000)
  from space 109568K, 96% used [0xaca00000,0xb30c2b60,0xb3500000)
  to   space 116480K, 0% used [0xa5180000,0xa5180000,0xac340000)
 ParOldGen       total 585728K, used 472057K [0x73500000, 0x97100000, 0x9df80000)
  object space 585728K, 80% used [0x73500000,0x901fe748,0x97100000)
 PSPermGen       total 16384K, used 4013K [0x6f500000, 0x70500000, 0x73500000)
  object space 16384K, 24% used [0x6f500000,0x6f8eb508,0x70500000)
Event: 43.873 GC heap after
Heap after GC invocations=48 (full 8):
 PSYoungGen      total 233216K, used 82461K [0x9df80000, 0xb3500000, 0xb3500000)
  eden space 116736K, 0% used [0x9df80000,0x9df80000,0xa5180000)
  from space 116480K, 70% used [0xa5180000,0xaa207468,0xac340000)
  to   space 116480K, 0% used [0xac340000,0xac340000,0xb3500000)
 ParOldGen       total 585728K, used 513491K [0x73500000, 0x97100000, 0x9df80000)
  object space 585728K, 87% used [0x73500000,0x92a74f90,0x97100000)
 PSPermGen       total 16384K, used 4013K [0x6f500000, 0x70500000, 0x73500000)
  object space 16384K, 24% used [0x6f500000,0x6f8eb508,0x70500000)
}
Event: 44.418 GC heap before
{Heap before GC invocations=49 (full 8):
 PSYoungGen      total 233216K, used 199197K [0x9df80000, 0xb3500000, 0xb3500000)
  eden space 116736K, 100% used [0x9df80000,0xa5180000,0xa5180000)
  from space 116480K, 70% used [0xa5180000,0xaa207468,0xac340000)
  to   space 116480K, 0% used [0xac340000,0xac340000,0xb3500000)
 ParOldGen       total 585728K, used 513491K [0x73500000, 0x97100000, 0x9df80000)
  object space 585728K, 87% used [0x73500000,0x92a74f90,0x97100000)
 PSPermGen       total 16384K, used 4014K [0x6f500000, 0x70500000, 0x73500000)
  object space 16384K, 24% used [0x6f500000,0x6f8eb8d8,0x70500000)
Event: 44.554 GC heap after
Heap after GC invocations=49 (full 8):
 PSYoungGen      total 233216K, used 58647K [0x9df80000, 0xb3500000, 0xb3500000)
  eden space 116736K, 0% used [0x9df80000,0x9df80000,0xa5180000)
  from space 116480K, 50% used [0xac340000,0xafc85f60,0xb3500000)
  to   space 116480K, 0% used [0xa5180000,0xa5180000,0xac340000)
 ParOldGen       total 585728K, used 554830K [0x73500000, 0x97100000, 0x9df80000)
  object space 585728K, 94% used [0x73500000,0x952d3890,0x97100000)
 PSPermGen       total 16384K, used 4014K [0x6f500000, 0x70500000, 0x73500000)
  object space 16384K, 24% used [0x6f500000,0x6f8eb8d8,0x70500000)
}
Event: 44.554 GC heap before
{Heap before GC invocations=50 (full 9):
 PSYoungGen      total 233216K, used 58647K [0x9df80000, 0xb3500000, 0xb3500000)
  eden space 116736K, 0% used [0x9df80000,0x9df80000,0xa5180000)
  from space 116480K, 50% used [0xac340000,0xafc85f60,0xb3500000)
  to   space 116480K, 0% used [0xa5180000,0xa5180000,0xac340000)
 ParOldGen       total 585728K, used 554830K [0x73500000, 0x97100000, 0x9df80000)
  object space 585728K, 94% used [0x73500000,0x952d3890,0x97100000)
 PSPermGen       total 16384K, used 4014K [0x6f500000, 0x70500000, 0x73500000)
  object space 16384K, 24% used [0x6f500000,0x6f8eb8d8,0x70500000)

