# JRE version: Java(TM) SE Runtime Environment (7.0_51-b13) (build 1.7.0_51-b13)
# Java VM: Java HotSpot(TM) Server VM (24.51-b03 mixed mode linux-x86 )
Heap
 PSYoungGen      total 262400K, used 33379K [0x9dfc0000, 0xb3540000, 0xb3540000)
  eden space 224768K, 0% used [0x9dfc0000,0x9dfc0000,0xabb40000)
  from space 37632K, 88% used [0xabb40000,0xadbd8d58,0xae000000)
  to   space 63232K, 0% used [0xaf780000,0xaf780000,0xb3540000)
 ParOldGen       total 217344K, used 217095K [0x73540000, 0x80980000, 0x9dfc0000)
  object space 217344K, 99% used [0x73540000,0x80941da8,0x80980000)
 PSPermGen       total 16384K, used 3957K [0x6f540000, 0x70540000, 0x73540000)
  object space 16384K, 24% used [0x6f540000,0x6f91d690,0x70540000)
GC Heap History (10 events):
Event: 15.990 GC heap after
Heap after GC invocations=16 (full 2):
 PSYoungGen      total 235264K, used 37366K [0x9dfc0000, 0xb0f40000, 0xb3540000)
  eden space 197888K, 0% used [0x9dfc0000,0x9dfc0000,0xaa100000)
  from space 37376K, 99% used [0xad0c0000,0xaf53d808,0xaf540000)
  to   space 48896K, 0% used [0xaa100000,0xaa100000,0xad0c0000)
 ParOldGen       total 130816K, used 122319K [0x73540000, 0x7b500000, 0x9dfc0000)
  object space 130816K, 93% used [0x73540000,0x7acb3c18,0x7b500000)
 PSPermGen       total 16384K, used 3935K [0x6f540000, 0x70540000, 0x73540000)
  object space 16384K, 24% used [0x6f540000,0x6f917ec0,0x70540000)
}
Event: 15.990 GC heap before
{Heap before GC invocations=17 (full 3):
 PSYoungGen      total 235264K, used 37366K [0x9dfc0000, 0xb0f40000, 0xb3540000)
  eden space 197888K, 0% used [0x9dfc0000,0x9dfc0000,0xaa100000)
  from space 37376K, 99% used [0xad0c0000,0xaf53d808,0xaf540000)
  to   space 48896K, 0% used [0xaa100000,0xaa100000,0xad0c0000)
 ParOldGen       total 130816K, used 122319K [0x73540000, 0x7b500000, 0x9dfc0000)
  object space 130816K, 93% used [0x73540000,0x7acb3c18,0x7b500000)
 PSPermGen       total 16384K, used 3935K [0x6f540000, 0x70540000, 0x73540000)
  object space 16384K, 24% used [0x6f540000,0x6f917ec0,0x70540000)
Event: 16.885 GC heap after
Heap after GC invocations=17 (full 3):
 PSYoungGen      total 235264K, used 25705K [0x9dfc0000, 0xb0f40000, 0xb3540000)
  eden space 197888K, 0% used [0x9dfc0000,0x9dfc0000,0xaa100000)
  from space 37376K, 68% used [0xad0c0000,0xae9da410,0xaf540000)
  to   space 48896K, 0% used [0xaa100000,0xaa100000,0xad0c0000)
 ParOldGen       total 211712K, used 130700K [0x73540000, 0x80400000, 0x9dfc0000)
  object space 211712K, 61% used [0x73540000,0x7b4e3108,0x80400000)
 PSPermGen       total 16384K, used 3935K [0x6f540000, 0x70540000, 0x73540000)
  object space 16384K, 24% used [0x6f540000,0x6f917d70,0x70540000)
}
Event: 17.527 GC heap before
{Heap before GC invocations=18 (full 3):
 PSYoungGen      total 235264K, used 223593K [0x9dfc0000, 0xb0f40000, 0xb3540000)
  eden space 197888K, 100% used [0x9dfc0000,0xaa100000,0xaa100000)
  from space 37376K, 68% used [0xad0c0000,0xae9da410,0xaf540000)
  to   space 48896K, 0% used [0xaa100000,0xaa100000,0xad0c0000)
 ParOldGen       total 211712K, used 130700K [0x73540000, 0x80400000, 0x9dfc0000)
  object space 211712K, 61% used [0x73540000,0x7b4e3108,0x80400000)
 PSPermGen       total 16384K, used 3938K [0x6f540000, 0x70540000, 0x73540000)
  object space 16384K, 24% used [0x6f540000,0x6f918ba0,0x70540000)
Event: 17.677 GC heap after
Heap after GC invocations=18 (full 3):
 PSYoungGen      total 246784K, used 31794K [0x9dfc0000, 0xb2940000, 0xb3540000)
  eden space 197888K, 0% used [0x9dfc0000,0x9dfc0000,0xaa100000)
  from space 48896K, 65% used [0xaa100000,0xac00c9c8,0xad0c0000)
  to   space 50432K, 0% used [0xaf800000,0xaf800000,0xb2940000)
 ParOldGen       total 211712K, used 156501K [0x73540000, 0x80400000, 0x9dfc0000)
  object space 211712K, 73% used [0x73540000,0x7ce15670,0x80400000)
 PSPermGen       total 16384K, used 3938K [0x6f540000, 0x70540000, 0x73540000)
  object space 16384K, 24% used [0x6f540000,0x6f918ba0,0x70540000)
}
Event: 18.308 GC heap before
{Heap before GC invocations=19 (full 3):
 PSYoungGen      total 246784K, used 229682K [0x9dfc0000, 0xb2940000, 0xb3540000)
  eden space 197888K, 100% used [0x9dfc0000,0xaa100000,0xaa100000)
  from space 48896K, 65% used [0xaa100000,0xac00c9c8,0xad0c0000)
  to   space 50432K, 0% used [0xaf800000,0xaf800000,0xb2940000)
 ParOldGen       total 211712K, used 156501K [0x73540000, 0x80400000, 0x9dfc0000)
  object space 211712K, 73% used [0x73540000,0x7ce15670,0x80400000)
 PSPermGen       total 16384K, used 3949K [0x6f540000, 0x70540000, 0x73540000)
  object space 16384K, 24% used [0x6f540000,0x6f91b650,0x70540000)
Event: 18.462 GC heap after
Heap after GC invocations=19 (full 3):
 PSYoungGen      total 275200K, used 50423K [0x9dfc0000, 0xb3540000, 0xb3540000)
  eden space 224768K, 0% used [0x9dfc0000,0x9dfc0000,0xabb40000)
  from space 50432K, 99% used [0xaf800000,0xb293df88,0xb2940000)
  to   space 62208K, 0% used [0xabb40000,0xabb40000,0xaf800000)
 ParOldGen       total 211712K, used 166531K [0x73540000, 0x80400000, 0x9dfc0000)
  object space 211712K, 78% used [0x73540000,0x7d7e0c48,0x80400000)
 PSPermGen       total 16384K, used 3949K [0x6f540000, 0x70540000, 0x73540000)
  object space 16384K, 24% used [0x6f540000,0x6f91b650,0x70540000)
}
Event: 20.237 GC heap before
{Heap before GC invocations=20 (full 3):
 PSYoungGen      total 275200K, used 275191K [0x9dfc0000, 0xb3540000, 0xb3540000)
  eden space 224768K, 100% used [0x9dfc0000,0xabb40000,0xabb40000)
  from space 50432K, 99% used [0xaf800000,0xb293df88,0xb2940000)
  to   space 62208K, 0% used [0xabb40000,0xabb40000,0xaf800000)
 ParOldGen       total 211712K, used 166531K [0x73540000, 0x80400000, 0x9dfc0000)
  object space 211712K, 78% used [0x73540000,0x7d7e0c48,0x80400000)
 PSPermGen       total 16384K, used 3957K [0x6f540000, 0x70540000, 0x73540000)
  object space 16384K, 24% used [0x6f540000,0x6f91d6d0,0x70540000)
Event: 20.458 GC heap after
Heap after GC invocations=20 (full 3):
 PSYoungGen      total 262400K, used 37561K [0x9dfc0000, 0xb3540000, 0xb3540000)
  eden space 224768K, 0% used [0x9dfc0000,0x9dfc0000,0xabb40000)
  from space 37632K, 99% used [0xabb40000,0xadfee660,0xae000000)
  to   space 63232K, 0% used [0xaf780000,0xaf780000,0xb3540000)
 ParOldGen       total 217344K, used 216877K [0x73540000, 0x80980000, 0x9dfc0000)
  object space 217344K, 99% used [0x73540000,0x8090b4e0,0x80980000)
 PSPermGen       total 16384K, used 3957K [0x6f540000, 0x70540000, 0x73540000)
  object space 16384K, 24% used [0x6f540000,0x6f91d6d0,0x70540000)
}
Event: 20.519 GC heap before
{Heap before GC invocations=21 (full 4):
 PSYoungGen      total 262400K, used 37561K [0x9dfc0000, 0xb3540000, 0xb3540000)
  eden space 224768K, 0% used [0x9dfc0000,0x9dfc0000,0xabb40000)
  from space 37632K, 99% used [0xabb40000,0xadfee660,0xae000000)
  to   space 63232K, 0% used [0xaf780000,0xaf780000,0xb3540000)
 ParOldGen       total 217344K, used 216877K [0x73540000, 0x80980000, 0x9dfc0000)
  object space 217344K, 99% used [0x73540000,0x8090b4e0,0x80980000)
 PSPermGen       total 16384K, used 3957K [0x6f540000, 0x70540000, 0x73540000)
  object space 16384K, 24% used [0x6f540000,0x6f91d6d0,0x70540000)

