# JRE version: Java(TM) SE Runtime Environment (7.0_51-b13) (build 1.7.0_51-b13)
# Java VM: Java HotSpot(TM) Server VM (24.51-b03 mixed mode linux-x86 )
Heap
 PSYoungGen      total 258048K, used 0K [0x9e040000, 0xb35c0000, 0xb35c0000)
  eden space 195072K, 0% used [0x9e040000,0x9e040000,0xa9ec0000)
  from space 62976K, 0% used [0xaf840000,0xaf840000,0xb35c0000)
  to   space 77312K, 0% used [0xa9ec0000,0xa9ec0000,0xaea40000)
 ParOldGen       total 328704K, used 277518K [0x735c0000, 0x876c0000, 0x9e040000)
  object space 328704K, 84% used [0x735c0000,0x844c38f8,0x876c0000)
 PSPermGen       total 16384K, used 4169K [0x6f5c0000, 0x705c0000, 0x735c0000)
  object space 16384K, 25% used [0x6f5c0000,0x6f9d24a0,0x705c0000)
GC Heap History (10 events):
Event: 17.881 GC heap after
Heap after GC invocations=20 (full 3):
 PSYoungGen      total 287744K, used 36694K [0x9e040000, 0xb35c0000, 0xb35c0000)
  eden space 227072K, 0% used [0x9e040000,0x9e040000,0xabe00000)
  from space 60672K, 60% used [0xabe00000,0xae1d59e0,0xaf940000)
  to   space 61696K, 0% used [0xaf980000,0xaf980000,0xb35c0000)
 ParOldGen       total 212736K, used 212393K [0x735c0000, 0x80580000, 0x9e040000)
  object space 212736K, 99% used [0x735c0000,0x8052a5e0,0x80580000)
 PSPermGen       total 16384K, used 3954K [0x6f5c0000, 0x705c0000, 0x735c0000)
  object space 16384K, 24% used [0x6f5c0000,0x6f99ca18,0x705c0000)
}
Event: 17.881 GC heap before
{Heap before GC invocations=21 (full 4):
 PSYoungGen      total 287744K, used 36694K [0x9e040000, 0xb35c0000, 0xb35c0000)
  eden space 227072K, 0% used [0x9e040000,0x9e040000,0xabe00000)
  from space 60672K, 60% used [0xabe00000,0xae1d59e0,0xaf940000)
  to   space 61696K, 0% used [0xaf980000,0xaf980000,0xb35c0000)
 ParOldGen       total 212736K, used 212393K [0x735c0000, 0x80580000, 0x9e040000)
  object space 212736K, 99% used [0x735c0000,0x8052a5e0,0x80580000)
 PSPermGen       total 16384K, used 3954K [0x6f5c0000, 0x705c0000, 0x735c0000)
  object space 16384K, 24% used [0x6f5c0000,0x6f99ca18,0x705c0000)
Event: 19.554 GC heap after
Heap after GC invocations=21 (full 4):
 PSYoungGen      total 287744K, used 32506K [0x9e040000, 0xb35c0000, 0xb35c0000)
  eden space 227072K, 0% used [0x9e040000,0x9e040000,0xabe00000)
  from space 60672K, 53% used [0xabe00000,0xaddbe9d0,0xaf940000)
  to   space 61696K, 0% used [0xaf980000,0xaf980000,0xb35c0000)
 ParOldGen       total 328704K, used 212663K [0x735c0000, 0x876c0000, 0x9e040000)
  object space 328704K, 64% used [0x735c0000,0x8056ddd8,0x876c0000)
 PSPermGen       total 16384K, used 3954K [0x6f5c0000, 0x705c0000, 0x735c0000)
  object space 16384K, 24% used [0x6f5c0000,0x6f99c9d8,0x705c0000)
}
Event: 20.120 GC heap before
{Heap before GC invocations=22 (full 4):
 PSYoungGen      total 287744K, used 259578K [0x9e040000, 0xb35c0000, 0xb35c0000)
  eden space 227072K, 100% used [0x9e040000,0xabe00000,0xabe00000)
  from space 60672K, 53% used [0xabe00000,0xaddbe9d0,0xaf940000)
  to   space 61696K, 0% used [0xaf980000,0xaf980000,0xb35c0000)
 ParOldGen       total 328704K, used 212663K [0x735c0000, 0x876c0000, 0x9e040000)
  object space 328704K, 64% used [0x735c0000,0x8056ddd8,0x876c0000)
 PSPermGen       total 16384K, used 3963K [0x6f5c0000, 0x705c0000, 0x735c0000)
  object space 16384K, 24% used [0x6f5c0000,0x6f99ec30,0x705c0000)
Event: 20.331 GC heap after
Heap after GC invocations=22 (full 4):
 PSYoungGen      total 285440K, used 38496K [0x9e040000, 0xb35c0000, 0xb35c0000)
  eden space 223744K, 0% used [0x9e040000,0x9e040000,0xabac0000)
  from space 61696K, 62% used [0xaf980000,0xb1f18360,0xb35c0000)
  to   space 62976K, 0% used [0xabac0000,0xabac0000,0xaf840000)
 ParOldGen       total 328704K, used 244231K [0x735c0000, 0x876c0000, 0x9e040000)
  object space 328704K, 74% used [0x735c0000,0x82441e30,0x876c0000)
 PSPermGen       total 16384K, used 3963K [0x6f5c0000, 0x705c0000, 0x735c0000)
  object space 16384K, 24% used [0x6f5c0000,0x6f99ec30,0x705c0000)
}
Event: 20.894 GC heap before
{Heap before GC invocations=23 (full 4):
 PSYoungGen      total 285440K, used 262240K [0x9e040000, 0xb35c0000, 0xb35c0000)
  eden space 223744K, 100% used [0x9e040000,0xabac0000,0xabac0000)
  from space 61696K, 62% used [0xaf980000,0xb1f18360,0xb35c0000)
  to   space 62976K, 0% used [0xabac0000,0xabac0000,0xaf840000)
 ParOldGen       total 328704K, used 244231K [0x735c0000, 0x876c0000, 0x9e040000)
  object space 328704K, 74% used [0x735c0000,0x82441e30,0x876c0000)
 PSPermGen       total 16384K, used 3995K [0x6f5c0000, 0x705c0000, 0x735c0000)
  object space 16384K, 24% used [0x6f5c0000,0x6f9a6df0,0x705c0000)
Event: 21.024 GC heap after
Heap after GC invocations=23 (full 4):
 PSYoungGen      total 286720K, used 62968K [0x9e040000, 0xb35c0000, 0xb35c0000)
  eden space 223744K, 0% used [0x9e040000,0x9e040000,0xabac0000)
  from space 62976K, 99% used [0xabac0000,0xaf83e2e8,0xaf840000)
  to   space 62976K, 0% used [0xaf840000,0xaf840000,0xb35c0000)
 ParOldGen       total 328704K, used 255567K [0x735c0000, 0x876c0000, 0x9e040000)
  object space 328704K, 77% used [0x735c0000,0x82f53ec0,0x876c0000)
 PSPermGen       total 16384K, used 3995K [0x6f5c0000, 0x705c0000, 0x735c0000)
  object space 16384K, 24% used [0x6f5c0000,0x6f9a6df0,0x705c0000)
}
Event: 24.072 GC heap before
{Heap before GC invocations=24 (full 4):
 PSYoungGen      total 286720K, used 286712K [0x9e040000, 0xb35c0000, 0xb35c0000)
  eden space 223744K, 100% used [0x9e040000,0xabac0000,0xabac0000)
  from space 62976K, 99% used [0xabac0000,0xaf83e2e8,0xaf840000)
  to   space 62976K, 0% used [0xaf840000,0xaf840000,0xb35c0000)
 ParOldGen       total 328704K, used 255567K [0x735c0000, 0x876c0000, 0x9e040000)
  object space 328704K, 77% used [0x735c0000,0x82f53ec0,0x876c0000)
 PSPermGen       total 16384K, used 4169K [0x6f5c0000, 0x705c0000, 0x735c0000)
  object space 16384K, 25% used [0x6f5c0000,0x6f9d2700,0x705c0000)
Event: 24.253 GC heap after
Heap after GC invocations=24 (full 4):
 PSYoungGen      total 258048K, used 45393K [0x9e040000, 0xb35c0000, 0xb35c0000)
  eden space 195072K, 0% used [0x9e040000,0x9e040000,0xa9ec0000)
  from space 62976K, 72% used [0xaf840000,0xb2494620,0xb35c0000)
  to   space 77312K, 0% used [0xa9ec0000,0xa9ec0000,0xaea40000)
 ParOldGen       total 328704K, used 298785K [0x735c0000, 0x876c0000, 0x9e040000)
  object space 328704K, 90% used [0x735c0000,0x85988450,0x876c0000)
 PSPermGen       total 16384K, used 4169K [0x6f5c0000, 0x705c0000, 0x735c0000)
  object space 16384K, 25% used [0x6f5c0000,0x6f9d2700,0x705c0000)
}
Event: 24.253 GC heap before
{Heap before GC invocations=25 (full 5):
 PSYoungGen      total 258048K, used 45393K [0x9e040000, 0xb35c0000, 0xb35c0000)
  eden space 195072K, 0% used [0x9e040000,0x9e040000,0xa9ec0000)
  from space 62976K, 72% used [0xaf840000,0xb2494620,0xb35c0000)
  to   space 77312K, 0% used [0xa9ec0000,0xa9ec0000,0xaea40000)
 ParOldGen       total 328704K, used 298785K [0x735c0000, 0x876c0000, 0x9e040000)
  object space 328704K, 90% used [0x735c0000,0x85988450,0x876c0000)
 PSPermGen       total 16384K, used 4169K [0x6f5c0000, 0x705c0000, 0x735c0000)
  object space 16384K, 25% used [0x6f5c0000,0x6f9d2700,0x705c0000)

